ClusterID -> SenseID
C0 -> ask.v.3
C1 -> affect.v.1
C2 -> ask.v.4
C3 -> base.n.2
C4 -> allow.v.2
C5 -> allow.v.1
C6 -> buy.v.4
C7 -> capital.n.3
C8 -> capital.n.5
C9 -> announce.v.2
C10 -> announce.v.1
C11 -> carrier.n.10
C12 -> approve.v.1
C13 -> carrier.n.2
C14 -> carrier.n.8
C15 -> approve.v.2
C16 -> area.n.1
C17 -> carrier.n.9
C18 -> area.n.2
C19 -> area.n.3
C20 -> ask.v.1
C21 -> ask.v.2
C22 -> ask.v.5
C23 -> ask.v.6
C24 -> come.v.11
C25 -> come.v.4
C26 -> come.v.6
C27 -> attempt.v.1
C28 -> authority.n.3
C29 -> authority.n.5
C30 -> authority.n.4
C31 -> authority.n.1
C32 -> come.v.7
C33 -> avoid.v.1
C34 -> come.v.8
C35 -> come.v.9
C36 -> base.n.7
C37 -> base.n.6
C38 -> base.n.3
C39 -> base.n.1
C40 -> begin.v.3
C41 -> begin.v.2
C42 -> begin.v.1
C43 -> begin.v.4
C44 -> defense.n.4
C45 -> believe.v.1
C46 -> defense.n.5
C47 -> believe.v.2
C48 -> bill.n.4
C49 -> bill.n.5
C50 -> bill.n.3
C51 -> defense.n.6
C52 -> do.v.5
C53 -> build.v.3
C54 -> build.v.2
C55 -> build.v.1
C56 -> buy.v.1
C57 -> buy.v.6
C58 -> buy.v.3
C59 -> buy.v.2
C60 -> capital.n.1
C61 -> capital.n.2
C62 -> end.v.3
C63 -> exchange.n.2
C64 -> care.v.1
C65 -> care.v.3
C66 -> find.v.2
C67 -> care.v.2
C68 -> carrier.n.7
C69 -> carrier.n.6
C70 -> carrier.n.4
C71 -> carrier.n.5
C72 -> fix.v.5
C73 -> go.v.10
C74 -> go.v.11
C75 -> cause.v.1
C76 -> chance.n.3
C77 -> chance.n.1
C78 -> chance.n.4
C79 -> chance.n.2
C80 -> claim.v.2
C81 -> go.v.13
C82 -> claim.v.3
C83 -> claim.v.1
C84 -> come.v.1
C85 -> come.v.2
C86 -> come.v.3
C87 -> come.v.5
C88 -> complain.v.1
C89 -> go.v.2
C90 -> complain.v.2
C91 -> go.v.3
C92 -> go.v.5
C93 -> complete.v.3
C94 -> complete.v.1
C95 -> go.v.8
C96 -> go.v.9
C97 -> hold.v.1
C98 -> condition.n.1
C99 -> condition.n.2
C100 -> hold.v.10
C101 -> contribute.v.1
C102 -> contribute.v.2
C103 -> hold.v.3
C104 -> defense.n.2
C105 -> defense.n.1
C106 -> defense.n.8
C107 -> defense.n.7
C108 -> hold.v.6
C109 -> describe.v.2
C110 -> describe.v.3
C111 -> describe.v.1
C112 -> development.n.1
C113 -> development.n.3
C114 -> development.n.2
C115 -> hold.v.7
C116 -> disclose.v.1
C117 -> hour.n.4
C118 -> disclose.v.2
C119 -> keep.v.2
C120 -> do.v.2
C121 -> do.v.3
C122 -> do.v.1
C123 -> keep.v.5
C124 -> drug.n.2
C125 -> keep.v.6
C126 -> drug.n.1
C127 -> keep.v.7
C128 -> effect.n.3
C129 -> kill.v.9
C130 -> effect.n.2
C131 -> effect.n.1
C132 -> end.v.1
C133 -> end.v.4
C134 -> end.v.2
C135 -> lead.v.3
C136 -> enjoy.v.2
C137 -> enjoy.v.1
C138 -> lead.v.6
C139 -> order.n.2
C140 -> estimate.v.1
C141 -> order.n.3
C142 -> order.n.5
C143 -> part.n.4
C144 -> examine.v.2
C145 -> point.n.1
C146 -> examine.v.1
C147 -> examine.v.3
C148 -> exchange.n.3
C149 -> exchange.n.4
C150 -> exchange.n.5
C151 -> exchange.n.1
C152 -> exist.v.1
C153 -> exist.v.2
C154 -> point.n.2
C155 -> point.n.6
C156 -> explain.v.1
C157 -> explain.v.2
C158 -> point.n.7
C159 -> point.n.8
C160 -> position.n.1
C161 -> express.v.1
C162 -> position.n.6
C163 -> position.n.7
C164 -> feel.v.3
C165 -> feel.v.2
C166 -> raise.v.3
C167 -> feel.v.1
C168 -> find.v.1
C169 -> find.v.3
C170 -> find.v.4
C171 -> find.v.5
C172 -> fix.v.4
C173 -> fix.v.3
C174 -> fix.v.1
C175 -> fix.v.2
C176 -> future.n.1
C177 -> future.n.3
C178 -> raise.v.5
C179 -> future.n.4
C180 -> go.v.14
C181 -> go.v.1
C182 -> go.v.7
C183 -> go.v.4
C184 -> raise.v.7
C185 -> grant.v.1
C186 -> raise.v.9
C187 -> grant.v.2
C188 -> hold.v.2
C189 -> hold.v.5
C190 -> hold.v.4
C191 -> hold.v.8
C192 -> hope.v.1
C193 -> say.v.5
C194 -> see.v.5
C195 -> see.v.6
C196 -> hour.n.1
C197 -> hour.n.3
C198 -> set.v.2
C199 -> hour.n.2
C200 -> improve.v.1
C201 -> set.v.5
C202 -> set.v.7
C203 -> set.v.8
C204 -> job.n.1
C205 -> job.n.2
C206 -> set.v.9
C207 -> job.n.3
C208 -> join.v.4
C209 -> join.v.2
C210 -> join.v.3
C211 -> join.v.1
C212 -> keep.v.4
C213 -> keep.v.3
C214 -> keep.v.8
C215 -> keep.v.1
C216 -> kill.v.3
C217 -> source.n.1
C218 -> kill.v.4
C219 -> kill.v.1
C220 -> lead.v.4
C221 -> lead.v.1
C222 -> lead.v.2
C223 -> lead.v.5
C224 -> space.n.6
C225 -> maintain.v.1
C226 -> maintain.v.2
C227 -> start.v.4
C228 -> management.n.2
C229 -> start.v.7
C230 -> system.n.3
C231 -> management.n.1
C232 -> move.n.1
C233 -> move.n.4
C234 -> move.n.3
C235 -> move.n.2
C236 -> turn.v.11
C237 -> turn.v.12
C238 -> need.v.1
C239 -> need.v.2
C240 -> negotiate.v.1
C241 -> turn.v.13
C242 -> turn.v.14
C243 -> turn.v.3
C244 -> turn.v.4
C245 -> network.n.1
C246 -> network.n.3
C247 -> network.n.2
C248 -> occur.v.1
C249 -> occur.v.2
C250 -> occur.v.3
C251 -> turn.v.5
C252 -> order.n.6
C253 -> order.n.4
C254 -> order.n.1
C255 -> order.n.7
C256 -> part.n.5
C257 -> turn.v.7
C258 -> part.n.2
C259 -> part.n.1
C260 -> people.n.4
C261 -> people.n.1
C262 -> people.n.2
C263 -> people.n.5
C264 -> plant.n.2
C265 -> turn.v.8
C266 -> work.v.3
C267 -> plant.n.1
C268 -> point.n.3
C269 -> point.n.4
C270 -> point.n.5
C271 -> point.n.14
C272 -> policy.n.2
C273 -> policy.n.1
C274 -> work.v.4
C275 -> work.v.5
C276 -> position.n.5
C277 -> position.n.4
C278 -> position.n.2
C279 -> position.n.3
C280 -> work.v.6
C281 -> power.n.1
C282 -> power.n.2
C283 -> power.n.3
C284 -> prepare.v.2
C286 -> prepare.v.1
C288 -> president.n.2
C290 -> president.n.1
C291 -> president.n.3
C293 -> produce.v.2
C294 -> produce.v.1
C295 -> produce.v.3
C296 -> promise.v.1
C299 -> promise.v.2
C300 -> propose.v.1
C302 -> propose.v.2
C304 -> prove.v.1
C305 -> prove.v.3
C307 -> prove.v.2
C309 -> purchase.v.1
C312 -> raise.v.4
C313 -> raise.v.1
C314 -> raise.v.2
C315 -> raise.v.6
C317 -> rate.n.2
C318 -> rate.n.1
C321 -> recall.v.1
C322 -> recall.v.3
C323 -> recall.v.2
C324 -> receive.v.2
C325 -> receive.v.1
C328 -> regard.v.1
C330 -> regard.v.3
C331 -> regard.v.2
C332 -> remember.v.2
C335 -> remember.v.1
C337 -> remove.v.1
C340 -> replace.v.2
C343 -> replace.v.1
C344 -> report.v.1
C345 -> report.v.3
C347 -> report.v.2
C348 -> rush.v.1
C350 -> rush.v.2
C352 -> say.v.1
C353 -> say.v.4
C354 -> say.v.2
C355 -> say.v.3
C356 -> see.v.1
C357 -> see.v.4
C358 -> see.v.2
C359 -> see.v.3
C360 -> set.v.3
C361 -> set.v.4
C362 -> set.v.1
C363 -> set.v.6
C364 -> share.n.2
C367 -> share.n.1
C368 -> source.n.3
C369 -> source.n.6
C370 -> source.n.4
C371 -> source.n.2
C372 -> space.n.2
C373 -> space.n.5
C374 -> space.n.4
C375 -> space.n.1
C376 -> start.v.2
C377 -> start.v.1
C378 -> start.v.3
C379 -> start.v.5
C380 -> state.n.3
C382 -> state.n.1
C383 -> state.n.2
C384 -> system.n.5
C385 -> system.n.4
C386 -> system.n.2
C387 -> system.n.1
C388 -> turn.v.1
C389 -> turn.v.2
C390 -> turn.v.15
C391 -> turn.v.6
C392 -> value.n.1
C393 -> value.n.2
C394 -> value.n.3
C396 -> work.v.2
C397 -> work.v.1
C398 -> work.v.8
C399 -> work.v.9
Score = 28.18
