ClusterID -> SenseID
C0 -> affect.v.1
C1 -> allow.v.1
C2 -> announce.v.1
C3 -> approve.v.1
C4 -> area.n.1
C5 -> ask.v.1
C6 -> attempt.v.1
C7 -> authority.n.1
C8 -> avoid.v.1
C9 -> base.n.1
C10 -> begin.v.1
C11 -> believe.v.1
C12 -> bill.n.3
C13 -> build.v.1
C14 -> buy.v.1
C15 -> capital.n.1
C16 -> care.v.2
C17 -> carrier.n.6
C18 -> cause.v.1
C19 -> chance.n.4
C20 -> claim.v.1
C21 -> come.v.2
C22 -> complain.v.1
C23 -> complete.v.1
C24 -> condition.n.1
C25 -> contribute.v.1
C26 -> defense.n.1
C27 -> describe.v.1
C28 -> development.n.1
C29 -> disclose.v.1
C30 -> do.v.1
C31 -> drug.n.1
C32 -> effect.n.1
C33 -> end.v.1
C34 -> enjoy.v.1
C35 -> estimate.v.1
C36 -> examine.v.1
C37 -> exchange.n.3
C38 -> exist.v.1
C39 -> explain.v.1
C40 -> express.v.1
C41 -> feel.v.1
C42 -> find.v.1
C43 -> fix.v.1
C44 -> future.n.3
C45 -> go.v.1
C46 -> grant.v.1
C47 -> hold.v.5
C48 -> hope.v.1
C49 -> hour.n.1
C50 -> improve.v.1
C51 -> job.n.1
C52 -> join.v.2
C53 -> keep.v.1
C54 -> kill.v.1
C55 -> lead.v.4
C56 -> maintain.v.1
C57 -> management.n.2
C58 -> move.n.2
C59 -> need.v.1
C60 -> negotiate.v.1
C61 -> network.n.2
C62 -> occur.v.1
C63 -> order.n.6
C64 -> part.n.1
C65 -> people.n.1
C66 -> plant.n.1
C67 -> point.n.14
C68 -> policy.n.1
C69 -> position.n.4
C70 -> power.n.1
C71 -> prepare.v.2
C72 -> president.n.1
C73 -> produce.v.1
C74 -> promise.v.1
C75 -> propose.v.1
C76 -> prove.v.2
C77 -> purchase.v.1
C78 -> raise.v.4
C79 -> rate.n.1
C80 -> recall.v.1
C81 -> receive.v.1
C82 -> regard.v.1
C83 -> remember.v.1
C84 -> remove.v.1
C85 -> replace.v.1
C86 -> report.v.1
C87 -> rush.v.1
C88 -> say.v.1
C89 -> see.v.3
C90 -> set.v.1
C91 -> share.n.2
C92 -> source.n.3
C93 -> space.n.2
C94 -> start.v.2
C95 -> state.n.2
C96 -> system.n.2
C97 -> turn.v.1
C98 -> value.n.2
C99 -> work.v.1
Score = 79.84
