<<<<<<< HEAD
<instance id="wear.v.1"/> <sense id="wear.v.1"/>
<instance id="wear.v.2"/> <sense id="wear.v.1"/>
<instance id="wear.v.3"/> <sense id="wear.v.1"/>
<instance id="wear.v.4"/> <sense id="wear.v.1"/>
<instance id="wear.v.5"/> <sense id="wear.v.1"/>
<instance id="wear.v.6"/> <sense id="wear.v.1"/>
<instance id="wear.v.7"/> <sense id="wear.v.1"/>
<instance id="wear.v.8"/> <sense id="wear.v.1"/>
<instance id="wear.v.9"/> <sense id="wear.v.1"/>
<instance id="wear.v.10"/> <sense id="wear.v.1"/>
<instance id="wear.v.11"/> <sense id="wear.v.1"/>
<instance id="wear.v.12"/> <sense id="wear.v.1"/>
<instance id="wear.v.13"/> <sense id="wear.v.1"/>
<instance id="wear.v.14"/> <sense id="wear.v.1"/>
<instance id="wear.v.15"/> <sense id="wear.v.1"/>
<instance id="wear.v.16"/> <sense id="wear.v.1"/>
<instance id="wear.v.17"/> <sense id="wear.v.1"/>
<instance id="wear.v.18"/> <sense id="wear.v.1"/>
<instance id="wear.v.19"/> <sense id="wear.v.1"/>
<instance id="wear.v.20"/> <sense id="wear.v.1"/>
<instance id="wear.v.21"/> <sense id="wear.v.1"/>
<instance id="wear.v.22"/> <sense id="wear.v.1"/>
<instance id="wear.v.23"/> <sense id="wear.v.1"/>
<instance id="wear.v.24"/> <sense id="wear.v.1"/>
<instance id="wear.v.25"/> <sense id="wear.v.1"/>
<instance id="wear.v.26"/> <sense id="wear.v.1"/>
<instance id="wear.v.27"/> <sense id="wear.v.1"/>
<instance id="wear.v.28"/> <sense id="wear.v.1"/>
<instance id="wear.v.29"/> <sense id="wear.v.1"/>
<instance id="wear.v.30"/> <sense id="wear.v.1"/>
<instance id="wear.v.31"/> <sense id="wear.v.1"/>
<instance id="wear.v.32"/> <sense id="wear.v.1"/>
<instance id="wear.v.33"/> <sense id="wear.v.1"/>
<instance id="wear.v.34"/> <sense id="wear.v.1"/>
<instance id="wear.v.35"/> <sense id="wear.v.1"/>
<instance id="wear.v.36"/> <sense id="wear.v.1"/>
<instance id="wear.v.37"/> <sense id="wear.v.1"/>
<instance id="wear.v.38"/> <sense id="wear.v.1"/>
<instance id="wear.v.39"/> <sense id="wear.v.1"/>
<instance id="wear.v.40"/> <sense id="wear.v.1"/>
<instance id="wear.v.41"/> <sense id="wear.v.1"/>
<instance id="wear.v.42"/> <sense id="wear.v.1"/>
<instance id="wear.v.43"/> <sense id="wear.v.1"/>
<instance id="wear.v.44"/> <sense id="wear.v.1"/>
<instance id="wear.v.45"/> <sense id="wear.v.1"/>
<instance id="wear.v.46"/> <sense id="wear.v.1"/>
<instance id="wear.v.47"/> <sense id="wear.v.1"/>
<instance id="wear.v.48"/> <sense id="wear.v.1"/>
<instance id="wear.v.49"/> <sense id="wear.v.1"/>
<instance id="wear.v.50"/> <sense id="wear.v.1"/>
<instance id="wear.v.51"/> <sense id="wear.v.1"/>
<instance id="wear.v.52"/> <sense id="wear.v.1"/>
<instance id="wear.v.53"/> <sense id="wear.v.1"/>
<instance id="wear.v.54"/> <sense id="wear.v.1"/>
<instance id="wear.v.55"/> <sense id="wear.v.1"/>
<instance id="wear.v.56"/> <sense id="wear.v.1"/>
<instance id="wear.v.57"/> <sense id="wear.v.1"/>
<instance id="wear.v.58"/> <sense id="wear.v.1"/>
<instance id="wear.v.59"/> <sense id="wear.v.1"/>
<instance id="wear.v.60"/> <sense id="wear.v.1"/>
<instance id="wear.v.61"/> <sense id="wear.v.1"/>
<instance id="wear.v.62"/> <sense id="wear.v.1"/>
<instance id="wear.v.63"/> <sense id="wear.v.1"/>
<instance id="wear.v.64"/> <sense id="wear.v.1"/>
<instance id="wear.v.65"/> <sense id="wear.v.1"/>
<instance id="wear.v.66"/> <sense id="wear.v.1"/>
<instance id="wear.v.67"/> <sense id="wear.v.1"/>
<instance id="wear.v.68"/> <sense id="wear.v.1"/>
<instance id="wear.v.69"/> <sense id="wear.v.1"/>
<instance id="wear.v.70"/> <sense id="wear.v.1"/>
<instance id="wear.v.71"/> <sense id="wear.v.1"/>
<instance id="wear.v.72"/> <sense id="wear.v.1"/>
<instance id="wear.v.73"/> <sense id="wear.v.1"/>
<instance id="wear.v.74"/> <sense id="wear.v.1"/>
<instance id="wear.v.75"/> <sense id="wear.v.1"/>
<instance id="wear.v.76"/> <sense id="wear.v.1"/>
<instance id="wear.v.77"/> <sense id="wear.v.1"/>
<instance id="wear.v.78"/> <sense id="wear.v.1"/>
<instance id="wear.v.79"/> <sense id="wear.v.1"/>
<instance id="wear.v.80"/> <sense id="wear.v.1"/>
<instance id="wear.v.81"/> <sense id="wear.v.1"/>
<instance id="wear.v.82"/> <sense id="wear.v.1"/>
<instance id="wear.v.83"/> <sense id="wear.v.1"/>
<instance id="wear.v.84"/> <sense id="wear.v.1"/>
<instance id="wear.v.85"/> <sense id="wear.v.1"/>
<instance id="wear.v.86"/> <sense id="wear.v.1"/>
<instance id="wear.v.87"/> <sense id="wear.v.1"/>
<instance id="wear.v.88"/> <sense id="wear.v.1"/>
<instance id="wear.v.89"/> <sense id="wear.v.1"/>
<instance id="wear.v.90"/> <sense id="wear.v.1"/>
<instance id="wear.v.91"/> <sense id="wear.v.1"/>
<instance id="wear.v.92"/> <sense id="wear.v.1"/>
<instance id="wear.v.93"/> <sense id="wear.v.1"/>
<instance id="wear.v.94"/> <sense id="wear.v.1"/>
<instance id="wear.v.95"/> <sense id="wear.v.1"/>
<instance id="wear.v.96"/> <sense id="wear.v.1"/>
<instance id="wear.v.97"/> <sense id="wear.v.1"/>
<instance id="wear.v.98"/> <sense id="wear.v.1"/>
<instance id="wear.v.99"/> <sense id="wear.v.1"/>
<instance id="wear.v.100"/> <sense id="wear.v.1"/>
=======
<instance id="strike.v.0"/> <sense id="strike.v.1"/>
<instance id="strike.v.1"/> <sense id="strike.v.1"/>
<instance id="strike.v.2"/> <sense id="strike.v.1"/>
<instance id="strike.v.3"/> <sense id="strike.v.1"/>
<instance id="strike.v.4"/> <sense id="strike.v.1"/>
<instance id="strike.v.5"/> <sense id="strike.v.1"/>
<instance id="strike.v.6"/> <sense id="strike.v.1"/>
<instance id="strike.v.7"/> <sense id="strike.v.1"/>
<instance id="strike.v.8"/> <sense id="strike.v.1"/>
<instance id="strike.v.9"/> <sense id="strike.v.1"/>
<instance id="strike.v.10"/> <sense id="strike.v.1"/>
<instance id="strike.v.11"/> <sense id="strike.v.1"/>
<instance id="strike.v.12"/> <sense id="strike.v.1"/>
<instance id="strike.v.13"/> <sense id="strike.v.1"/>
<instance id="strike.v.14"/> <sense id="strike.v.1"/>
<instance id="strike.v.15"/> <sense id="strike.v.1"/>
<instance id="strike.v.16"/> <sense id="strike.v.1"/>
<instance id="strike.v.17"/> <sense id="strike.v.1"/>
<instance id="strike.v.18"/> <sense id="strike.v.1"/>
<instance id="strike.v.19"/> <sense id="strike.v.1"/>
<instance id="strike.v.20"/> <sense id="strike.v.1"/>
<instance id="strike.v.21"/> <sense id="strike.v.1"/>
<instance id="strike.v.22"/> <sense id="strike.v.1"/>
<instance id="strike.v.23"/> <sense id="strike.v.1"/>
<instance id="strike.v.24"/> <sense id="strike.v.1"/>
<instance id="strike.v.25"/> <sense id="strike.v.1"/>
<instance id="strike.v.26"/> <sense id="strike.v.1"/>
<instance id="strike.v.27"/> <sense id="strike.v.1"/>
<instance id="strike.v.28"/> <sense id="strike.v.1"/>
<instance id="strike.v.29"/> <sense id="strike.v.1"/>
<instance id="strike.v.30"/> <sense id="strike.v.1"/>
<instance id="strike.v.31"/> <sense id="strike.v.1"/>
<instance id="strike.v.32"/> <sense id="strike.v.1"/>
<instance id="strike.v.33"/> <sense id="strike.v.1"/>
<instance id="strike.v.34"/> <sense id="strike.v.1"/>
<instance id="strike.v.35"/> <sense id="strike.v.1"/>
<instance id="strike.v.36"/> <sense id="strike.v.1"/>
<instance id="strike.v.37"/> <sense id="strike.v.1"/>
<instance id="strike.v.38"/> <sense id="strike.v.1"/>
<instance id="strike.v.39"/> <sense id="strike.v.1"/>
<instance id="strike.v.40"/> <sense id="strike.v.1"/>
<instance id="strike.v.41"/> <sense id="strike.v.1"/>
<instance id="strike.v.42"/> <sense id="strike.v.1"/>
<instance id="strike.v.43"/> <sense id="strike.v.1"/>
<instance id="strike.v.44"/> <sense id="strike.v.1"/>
<instance id="strike.v.45"/> <sense id="strike.v.1"/>
<instance id="strike.v.46"/> <sense id="strike.v.1"/>
<instance id="strike.v.47"/> <sense id="strike.v.1"/>
<instance id="strike.v.48"/> <sense id="strike.v.1"/>
<instance id="strike.v.49"/> <sense id="strike.v.1"/>
<instance id="strike.v.50"/> <sense id="strike.v.1"/>
<instance id="strike.v.51"/> <sense id="strike.v.1"/>
<instance id="strike.v.52"/> <sense id="strike.v.1"/>
<instance id="strike.v.53"/> <sense id="strike.v.1"/>
<instance id="strike.v.54"/> <sense id="strike.v.1"/>
<instance id="strike.v.55"/> <sense id="strike.v.1"/>
<instance id="strike.v.56"/> <sense id="strike.v.1"/>
<instance id="strike.v.57"/> <sense id="strike.v.1"/>
<instance id="strike.v.58"/> <sense id="strike.v.1"/>
<instance id="strike.v.59"/> <sense id="strike.v.1"/>
<instance id="strike.v.60"/> <sense id="strike.v.1"/>
<instance id="strike.v.61"/> <sense id="strike.v.1"/>
<instance id="strike.v.62"/> <sense id="strike.v.1"/>
<instance id="strike.v.63"/> <sense id="strike.v.1"/>
<instance id="strike.v.64"/> <sense id="strike.v.1"/>
<instance id="strike.v.65"/> <sense id="strike.v.1"/>
<instance id="strike.v.66"/> <sense id="strike.v.1"/>
<instance id="strike.v.67"/> <sense id="strike.v.1"/>
<instance id="strike.v.68"/> <sense id="strike.v.1"/>
<instance id="strike.v.69"/> <sense id="strike.v.1"/>
<instance id="strike.v.70"/> <sense id="strike.v.1"/>
<instance id="strike.v.71"/> <sense id="strike.v.1"/>
<instance id="strike.v.72"/> <sense id="strike.v.1"/>
<instance id="strike.v.73"/> <sense id="strike.v.1"/>
<instance id="strike.v.74"/> <sense id="strike.v.1"/>
<instance id="strike.v.75"/> <sense id="strike.v.1"/>
<instance id="strike.v.76"/> <sense id="strike.v.1"/>
<instance id="strike.v.77"/> <sense id="strike.v.1"/>
<instance id="strike.v.78"/> <sense id="strike.v.1"/>
<instance id="strike.v.79"/> <sense id="strike.v.1"/>
<instance id="strike.v.80"/> <sense id="strike.v.1"/>
<instance id="strike.v.81"/> <sense id="strike.v.1"/>
<instance id="strike.v.82"/> <sense id="strike.v.1"/>
<instance id="strike.v.83"/> <sense id="strike.v.1"/>
<instance id="strike.v.84"/> <sense id="strike.v.1"/>
<instance id="strike.v.85"/> <sense id="strike.v.1"/>
<instance id="strike.v.86"/> <sense id="strike.v.1"/>
<instance id="strike.v.87"/> <sense id="strike.v.1"/>
<instance id="strike.v.88"/> <sense id="strike.v.1"/>
<instance id="strike.v.89"/> <sense id="strike.v.1"/>
<instance id="strike.v.90"/> <sense id="strike.v.1"/>
<instance id="strike.v.91"/> <sense id="strike.v.1"/>
<instance id="strike.v.92"/> <sense id="strike.v.1"/>
<instance id="strike.v.93"/> <sense id="strike.v.1"/>
<instance id="strike.v.94"/> <sense id="strike.v.1"/>
<instance id="strike.v.95"/> <sense id="strike.v.1"/>
<instance id="strike.v.96"/> <sense id="strike.v.1"/>
<instance id="strike.v.97"/> <sense id="strike.v.1"/>
<instance id="strike.v.98"/> <sense id="strike.v.1"/>
<instance id="strike.v.99"/> <sense id="strike.v.1"/>
>>>>>>> 22bacdf92f7684c0eb5fae4b54c85e0a2e77f753
