0
<<<<<<< HEAD
0
0
0
0
0
0
0
0
0
0
0
0
0
0
0
0
0
0
0
0
0
0
0
0
0
0
0
0
0
0
0
0
0
0
0
0
0
0
0
0
0
0
0
0
0
0
0
0
0
=======
1
1
1
>>>>>>> 22bacdf92f7684c0eb5fae4b54c85e0a2e77f753
1
1
1
1
0
1
1
1
<<<<<<< HEAD
1
=======
0
>>>>>>> 22bacdf92f7684c0eb5fae4b54c85e0a2e77f753
1
0
1
1
1
<<<<<<< HEAD
1
1
1
=======
0
0
1
1
1
0
>>>>>>> 22bacdf92f7684c0eb5fae4b54c85e0a2e77f753
1
0
1
0
1
1
0
1
1
1
1
1
<<<<<<< HEAD
1
1
1
1
1
1
1
1
1
1
1
1
=======
2
2
2
2
2
2
2
2
2
2
2
2
2
2
2
1
1
2
2
2
2
2
2
2
2
2
2
2
2
2
2
2
2
2
2
>>>>>>> 22bacdf92f7684c0eb5fae4b54c85e0a2e77f753
1
1
1
1
1
1
1
1
1
1
1
1
1
1
<<<<<<< HEAD
=======
1
1
1
2
1
1
1
1
1
1
1
1
1
1
1
>>>>>>> 22bacdf92f7684c0eb5fae4b54c85e0a2e77f753
