time iter num.topics num.tables likelihood gamma alpha split merge trial
    0.00 00000 0009 00263 -4264.52741 1.00000 1.00000 0 0 0
    0.00 00001 0009 00265 -4238.24607 1.00000 1.00000 0 0 0
    0.00 00002 0010 00243 -4160.57705 1.00000 1.00000 0 0 0
    0.00 00003 0012 00239 -4106.74843 1.00000 1.00000 0 0 0
    0.00 00004 0010 00253 -4148.90831 1.00000 1.00000 0 0 0
    0.00 00005 0010 00249 -4118.22896 1.00000 1.00000 0 0 0
    0.00 00006 0010 00238 -4031.46633 1.00000 1.00000 0 0 0
    0.00 00007 0011 00245 -4071.90465 1.00000 1.00000 0 0 0
    0.00 00008 0011 00228 -4039.33892 1.00000 1.00000 0 0 0
    0.00 00009 0013 00232 -4010.92951 1.00000 1.00000 0 0 0
    0.00 00010 0014 00245 -4083.14521 1.00000 1.00000 0 0 0
    0.00 00011 0011 00246 -4133.25554 1.00000 1.00000 0 0 0
    0.00 00012 0012 00232 -4045.06641 1.00000 1.00000 0 0 0
    0.00 00013 0013 00234 -4060.25820 1.00000 1.00000 0 0 0
    0.00 00014 0011 00226 -4030.46855 1.00000 1.00000 0 0 0
    0.00 00015 0015 00231 -4044.82985 1.00000 1.00000 0 0 0
    0.00 00016 0013 00217 -3986.39958 1.00000 1.00000 0 0 0
    0.00 00017 0010 00234 -3968.56944 1.00000 1.00000 0 0 0
    0.00 00018 0011 00237 -3999.38242 1.00000 1.00000 0 0 0
    0.00 00019 0011 00225 -3980.97472 1.00000 1.00000 0 0 0
    0.00 00020 0016 00240 -4088.76498 1.00000 1.00000 0 0 0
    0.00 00021 0014 00238 -4107.25148 1.00000 1.00000 0 0 0
    0.00 00022 0015 00236 -4094.74757 1.00000 1.00000 0 0 0
    0.00 00023 0015 00230 -4085.09849 1.00000 1.00000 0 0 0
    0.00 00024 0014 00221 -4014.68173 1.00000 1.00000 0 0 0
    0.00 00025 0013 00218 -4009.96530 1.00000 1.00000 0 0 0
    0.00 00026 0013 00226 -4012.18890 1.00000 1.00000 0 0 0
    0.00 00027 0013 00227 -4014.82894 1.00000 1.00000 0 0 0
    0.00 00028 0014 00211 -3919.34235 1.00000 1.00000 0 0 0
    0.00 00029 0013 00220 -4024.40157 1.00000 1.00000 0 0 0
    0.00 00030 0013 00225 -3963.85521 1.00000 1.00000 0 0 0
    0.00 00031 0014 00221 -3952.91704 1.00000 1.00000 0 0 0
    0.00 00032 0014 00232 -4099.94971 1.00000 1.00000 0 0 0
    0.00 00033 0015 00227 -4059.49023 1.00000 1.00000 0 0 0
    0.00 00034 0013 00228 -4054.47404 1.00000 1.00000 0 0 0
    0.00 00035 0014 00240 -4100.50491 1.00000 1.00000 0 0 0
    0.00 00036 0013 00232 -4065.76999 1.00000 1.00000 0 0 0
    0.00 00037 0012 00240 -4093.74477 1.00000 1.00000 0 0 0
    0.00 00038 0014 00218 -3985.83662 1.00000 1.00000 0 0 0
    0.00 00039 0011 00222 -3932.70411 1.00000 1.00000 0 0 0
    0.00 00040 0012 00242 -4043.85219 1.00000 1.00000 0 0 0
    0.00 00041 0011 00225 -3990.32146 1.00000 1.00000 0 0 0
    0.00 00042 0011 00244 -4045.37885 1.00000 1.00000 0 0 0
    0.00 00043 0011 00241 -4087.17075 1.00000 1.00000 0 0 0
    0.00 00044 0013 00232 -4047.07786 1.00000 1.00000 0 0 0
    0.00 00045 0015 00234 -4098.63008 1.00000 1.00000 0 0 0
    0.00 00046 0014 00240 -4153.67361 1.00000 1.00000 0 0 0
    0.00 00047 0013 00254 -4149.63676 1.00000 1.00000 0 0 0
    0.00 00048 0014 00225 -4047.85790 1.00000 1.00000 0 0 0
    0.00 00049 0014 00229 -4066.59189 1.00000 1.00000 0 0 0
    0.00 00050 0012 00231 -4091.01142 1.00000 1.00000 0 0 0
    0.00 00051 0012 00245 -4115.03477 1.00000 1.00000 0 0 0
    0.00 00052 0011 00220 -3989.18753 1.00000 1.00000 0 0 0
    0.00 00053 0012 00215 -3976.57342 1.00000 1.00000 0 0 0
    0.00 00054 0011 00231 -4016.30900 1.00000 1.00000 0 0 0
    0.00 00055 0012 00233 -4039.34848 1.00000 1.00000 0 0 0
    0.00 00056 0011 00238 -4065.57272 1.00000 1.00000 0 0 0
    0.00 00057 0010 00231 -4040.13676 1.00000 1.00000 0 0 0
    0.00 00058 0010 00234 -4023.53787 1.00000 1.00000 0 0 0
    0.00 00059 0010 00228 -3969.91293 1.00000 1.00000 0 0 0
    0.00 00060 0010 00218 -3929.17077 1.00000 1.00000 0 0 0
    0.00 00061 0010 00230 -3940.28363 1.00000 1.00000 0 0 0
    0.00 00062 0011 00236 -3965.53449 1.00000 1.00000 0 0 0
    0.00 00063 0010 00235 -3895.84832 1.00000 1.00000 0 0 0
    0.00 00064 0011 00235 -3896.38521 1.00000 1.00000 0 0 0
    0.00 00065 0010 00225 -3897.02911 1.00000 1.00000 0 0 0
    0.00 00066 0014 00231 -3966.62832 1.00000 1.00000 0 0 0
    0.00 00067 0014 00228 -3963.69171 1.00000 1.00000 0 0 0
    0.00 00068 0012 00241 -3962.93995 1.00000 1.00000 0 0 0
    0.00 00069 0013 00222 -3945.32021 1.00000 1.00000 0 0 0
    0.00 00070 0013 00233 -3994.14070 1.00000 1.00000 0 0 0
    0.00 00071 0011 00217 -3970.18629 1.00000 1.00000 0 0 0
    0.00 00072 0011 00216 -3947.50618 1.00000 1.00000 0 0 0
    0.00 00073 0012 00219 -3978.85989 1.00000 1.00000 0 0 0
    0.00 00074 0012 00225 -3987.04052 1.00000 1.00000 0 0 0
    0.00 00075 0012 00230 -4010.60141 1.00000 1.00000 0 0 0
    0.00 00076 0014 00229 -3976.31410 1.00000 1.00000 0 0 0
    0.00 00077 0011 00231 -3993.26191 1.00000 1.00000 0 0 0
    0.00 00078 0011 00245 -4045.39036 1.00000 1.00000 0 0 0
    0.00 00079 0013 00241 -4001.11688 1.00000 1.00000 0 0 0
    0.00 00080 0014 00222 -3937.09283 1.00000 1.00000 0 0 0
    0.00 00081 0013 00222 -3942.94143 1.00000 1.00000 0 0 0
    0.00 00082 0013 00228 -4000.30194 1.00000 1.00000 0 0 0
    0.00 00083 0013 00231 -4013.06007 1.00000 1.00000 0 0 0
    0.00 00084 0012 00229 -3970.94663 1.00000 1.00000 0 0 0
    0.00 00085 0013 00243 -4032.72376 1.00000 1.00000 0 0 0
    0.00 00086 0012 00235 -4007.96752 1.00000 1.00000 0 0 0
    0.00 00087 0012 00232 -4039.09857 1.00000 1.00000 0 0 0
    0.00 00088 0011 00231 -4039.01581 1.00000 1.00000 0 0 0
    0.00 00089 0011 00231 -4033.60803 1.00000 1.00000 0 0 0
    0.00 00090 0012 00223 -4072.16812 1.00000 1.00000 0 0 0
    0.00 00091 0013 00226 -4015.42431 1.00000 1.00000 0 0 0
    0.00 00092 0015 00232 -4054.65090 1.00000 1.00000 0 0 0
    0.00 00093 0015 00221 -3987.95314 1.00000 1.00000 0 0 0
    0.00 00094 0012 00232 -4011.60202 1.00000 1.00000 0 0 0
    0.00 00095 0011 00237 -4080.04727 1.00000 1.00000 0 0 0
    0.00 00096 0012 00233 -4088.63600 1.00000 1.00000 0 0 0
    0.00 00097 0013 00238 -4083.07626 1.00000 1.00000 0 0 0
    0.00 00098 0015 00224 -4015.85782 1.00000 1.00000 0 0 0
    0.00 00099 0015 00226 -4056.17623 1.00000 1.00000 0 0 0
    0.00 00100 0017 00243 -4108.91867 1.00000 1.00000 0 0 0
    1.00 00101 0017 00228 -4106.60824 1.00000 1.00000 0 0 0
    1.00 00102 0018 00245 -4141.25030 1.00000 1.00000 0 0 0
    1.00 00103 0016 00238 -4134.62072 1.00000 1.00000 0 0 0
    1.00 00104 0013 00223 -4044.71095 1.00000 1.00000 0 0 0
    1.00 00105 0014 00230 -4040.71328 1.00000 1.00000 0 0 0
    1.00 00106 0016 00224 -4028.72762 1.00000 1.00000 0 0 0
    1.00 00107 0013 00251 -4101.56205 1.00000 1.00000 0 0 0
    1.00 00108 0015 00232 -4073.99611 1.00000 1.00000 0 0 0
    1.00 00109 0014 00243 -4167.71573 1.00000 1.00000 0 0 0
    1.00 00110 0013 00241 -4161.79589 1.00000 1.00000 0 0 0
    1.00 00111 0013 00244 -4127.28411 1.00000 1.00000 0 0 0
    1.00 00112 0012 00228 -4076.87316 1.00000 1.00000 0 0 0
    1.00 00113 0011 00227 -4017.76539 1.00000 1.00000 0 0 0
    1.00 00114 0011 00236 -4036.85805 1.00000 1.00000 0 0 0
    1.00 00115 0011 00233 -3996.24630 1.00000 1.00000 0 0 0
    1.00 00116 0013 00239 -4091.51715 1.00000 1.00000 0 0 0
    1.00 00117 0013 00243 -4048.44971 1.00000 1.00000 0 0 0
    1.00 00118 0016 00232 -4067.94235 1.00000 1.00000 0 0 0
    1.00 00119 0016 00244 -4121.87273 1.00000 1.00000 0 0 0
    1.00 00120 0012 00232 -4047.95818 1.00000 1.00000 0 0 0
    1.00 00121 0012 00241 -4039.15700 1.00000 1.00000 0 0 0
    1.00 00122 0013 00225 -4068.86217 1.00000 1.00000 0 0 0
    1.00 00123 0012 00233 -4063.38602 1.00000 1.00000 0 0 0
    1.00 00124 0012 00225 -4001.48562 1.00000 1.00000 0 0 0
    1.00 00125 0012 00248 -4128.91281 1.00000 1.00000 0 0 0
    1.00 00126 0012 00236 -4040.96155 1.00000 1.00000 0 0 0
    1.00 00127 0012 00235 -4059.49578 1.00000 1.00000 0 0 0
    1.00 00128 0012 00229 -4040.60356 1.00000 1.00000 0 0 0
    1.00 00129 0012 00230 -4063.08152 1.00000 1.00000 0 0 0
    1.00 00130 0012 00234 -3965.86991 1.00000 1.00000 0 0 0
    1.00 00131 0012 00233 -4069.55226 1.00000 1.00000 0 0 0
    1.00 00132 0015 00227 -4011.97546 1.00000 1.00000 0 0 0
    1.00 00133 0012 00229 -4038.10589 1.00000 1.00000 0 0 0
    1.00 00134 0012 00218 -3972.19277 1.00000 1.00000 0 0 0
    1.00 00135 0011 00215 -3938.52874 1.00000 1.00000 0 0 0
    1.00 00136 0012 00221 -3942.34242 1.00000 1.00000 0 0 0
    1.00 00137 0015 00235 -4059.61789 1.00000 1.00000 0 0 0
    1.00 00138 0014 00233 -4010.03186 1.00000 1.00000 0 0 0
    1.00 00139 0014 00220 -3969.09572 1.00000 1.00000 0 0 0
    1.00 00140 0013 00228 -4012.63551 1.00000 1.00000 0 0 0
    1.00 00141 0012 00210 -4008.31220 1.00000 1.00000 0 0 0
    1.00 00142 0012 00226 -4078.59724 1.00000 1.00000 0 0 0
    1.00 00143 0016 00231 -4109.20611 1.00000 1.00000 0 0 0
    1.00 00144 0015 00232 -4121.04535 1.00000 1.00000 0 0 0
    1.00 00145 0013 00240 -4137.11949 1.00000 1.00000 0 0 0
    1.00 00146 0013 00229 -4058.33906 1.00000 1.00000 0 0 0
    1.00 00147 0014 00234 -4096.78134 1.00000 1.00000 0 0 0
    1.00 00148 0017 00241 -4149.17354 1.00000 1.00000 0 0 0
    1.00 00149 0013 00240 -4174.59923 1.00000 1.00000 0 0 0
    1.00 00150 0011 00243 -4109.91634 1.00000 1.00000 0 0 0
    1.00 00151 0013 00237 -4107.71699 1.00000 1.00000 0 0 0
    1.00 00152 0014 00238 -4074.70561 1.00000 1.00000 0 0 0
    1.00 00153 0011 00241 -4069.50378 1.00000 1.00000 0 0 0
    1.00 00154 0011 00228 -4012.67647 1.00000 1.00000 0 0 0
    1.00 00155 0014 00232 -4026.93469 1.00000 1.00000 0 0 0
    1.00 00156 0013 00213 -3971.73253 1.00000 1.00000 0 0 0
    1.00 00157 0016 00234 -4012.94214 1.00000 1.00000 0 0 0
    1.00 00158 0014 00216 -3950.26994 1.00000 1.00000 0 0 0
    1.00 00159 0013 00234 -4051.98960 1.00000 1.00000 0 0 0
    1.00 00160 0011 00231 -4022.82767 1.00000 1.00000 0 0 0
    1.00 00161 0011 00220 -3948.30592 1.00000 1.00000 0 0 0
    1.00 00162 0012 00218 -3915.83765 1.00000 1.00000 0 0 0
    1.00 00163 0012 00217 -3936.72346 1.00000 1.00000 0 0 0
    1.00 00164 0013 00230 -4036.66092 1.00000 1.00000 0 0 0
    1.00 00165 0014 00233 -4058.11639 1.00000 1.00000 0 0 0
    1.00 00166 0013 00223 -4015.38202 1.00000 1.00000 0 0 0
    1.00 00167 0014 00226 -4021.47799 1.00000 1.00000 0 0 0
    1.00 00168 0015 00218 -4005.76264 1.00000 1.00000 0 0 0
    1.00 00169 0015 00216 -4025.75890 1.00000 1.00000 0 0 0
    1.00 00170 0014 00241 -4085.85934 1.00000 1.00000 0 0 0
    1.00 00171 0014 00228 -4039.46115 1.00000 1.00000 0 0 0
    1.00 00172 0013 00231 -4063.08960 1.00000 1.00000 0 0 0
    1.00 00173 0013 00227 -4049.21051 1.00000 1.00000 0 0 0
    1.00 00174 0014 00220 -3979.24315 1.00000 1.00000 0 0 0
    1.00 00175 0013 00228 -4026.48878 1.00000 1.00000 0 0 0
    1.00 00176 0011 00219 -3988.28211 1.00000 1.00000 0 0 0
    1.00 00177 0012 00232 -4075.02151 1.00000 1.00000 0 0 0
    1.00 00178 0013 00224 -4015.05585 1.00000 1.00000 0 0 0
    1.00 00179 0012 00240 -4082.78521 1.00000 1.00000 0 0 0
    1.00 00180 0014 00230 -4014.76008 1.00000 1.00000 0 0 0
    1.00 00181 0013 00231 -4039.57487 1.00000 1.00000 0 0 0
    1.00 00182 0013 00221 -3979.48061 1.00000 1.00000 0 0 0
    1.00 00183 0013 00230 -3991.67735 1.00000 1.00000 0 0 0
    1.00 00184 0013 00234 -4014.01736 1.00000 1.00000 0 0 0
    1.00 00185 0011 00223 -3940.22000 1.00000 1.00000 0 0 0
    1.00 00186 0012 00225 -3929.79130 1.00000 1.00000 0 0 0
    1.00 00187 0012 00243 -4054.49844 1.00000 1.00000 0 0 0
    1.00 00188 0014 00242 -3998.08588 1.00000 1.00000 0 0 0
    1.00 00189 0012 00249 -4027.34365 1.00000 1.00000 0 0 0
    1.00 00190 0012 00233 -3939.59771 1.00000 1.00000 0 0 0
    1.00 00191 0011 00227 -3959.75309 1.00000 1.00000 0 0 0
    1.00 00192 0011 00220 -3957.11235 1.00000 1.00000 0 0 0
    1.00 00193 0012 00242 -4029.87830 1.00000 1.00000 0 0 0
    1.00 00194 0010 00241 -3950.33920 1.00000 1.00000 0 0 0
    1.00 00195 0011 00222 -3901.52203 1.00000 1.00000 0 0 0
    1.00 00196 0012 00239 -3992.11162 1.00000 1.00000 0 0 0
    1.00 00197 0012 00232 -3974.68575 1.00000 1.00000 0 0 0
    1.00 00198 0013 00247 -4046.11712 1.00000 1.00000 0 0 0
    1.00 00199 0011 00225 -3940.66905 1.00000 1.00000 0 0 0
    1.00 00200 0012 00235 -3998.36641 1.00000 1.00000 0 0 0
    1.00 00201 0012 00230 -3999.77872 1.00000 1.00000 0 0 0
    1.00 00202 0011 00230 -4026.90162 1.00000 1.00000 0 0 0
    1.00 00203 0011 00225 -3969.12974 1.00000 1.00000 0 0 0
    1.00 00204 0011 00232 -4046.11515 1.00000 1.00000 0 0 0
    1.00 00205 0012 00245 -4087.80025 1.00000 1.00000 0 0 0
    1.00 00206 0012 00231 -4068.07390 1.00000 1.00000 0 0 0
    1.00 00207 0011 00226 -4035.20380 1.00000 1.00000 0 0 0
    1.00 00208 0011 00239 -4104.38483 1.00000 1.00000 0 0 0
    1.00 00209 0012 00234 -4062.65151 1.00000 1.00000 0 0 0
    1.00 00210 0013 00230 -4028.90513 1.00000 1.00000 0 0 0
    1.00 00211 0013 00225 -3957.25139 1.00000 1.00000 0 0 0
    1.00 00212 0011 00213 -3927.66315 1.00000 1.00000 0 0 0
    1.00 00213 0012 00213 -3945.08313 1.00000 1.00000 0 0 0
    1.00 00214 0013 00215 -3981.39030 1.00000 1.00000 0 0 0
    1.00 00215 0014 00215 -3984.84074 1.00000 1.00000 0 0 0
    1.00 00216 0016 00222 -4013.33477 1.00000 1.00000 0 0 0
    1.00 00217 0015 00230 -4069.36092 1.00000 1.00000 0 0 0
    1.00 00218 0015 00233 -4048.20543 1.00000 1.00000 0 0 0
    1.00 00219 0016 00224 -3986.19639 1.00000 1.00000 0 0 0
    1.00 00220 0014 00238 -4000.25200 1.00000 1.00000 0 0 0
    1.00 00221 0013 00240 -4028.97563 1.00000 1.00000 0 0 0
    1.00 00222 0013 00226 -4005.74419 1.00000 1.00000 0 0 0
    1.00 00223 0014 00247 -4091.39395 1.00000 1.00000 0 0 0
    1.00 00224 0013 00245 -4074.70799 1.00000 1.00000 0 0 0
    1.00 00225 0013 00229 -4020.88494 1.00000 1.00000 0 0 0
    1.00 00226 0014 00233 -4022.14315 1.00000 1.00000 0 0 0
    1.00 00227 0012 00242 -4017.05131 1.00000 1.00000 0 0 0
    1.00 00228 0013 00233 -4029.33684 1.00000 1.00000 0 0 0
    1.00 00229 0013 00217 -3927.18360 1.00000 1.00000 0 0 0
    1.00 00230 0012 00228 -3899.41471 1.00000 1.00000 0 0 0
    1.00 00231 0012 00230 -3977.64734 1.00000 1.00000 0 0 0
    1.00 00232 0012 00232 -4033.99169 1.00000 1.00000 0 0 0
    1.00 00233 0011 00244 -4076.50197 1.00000 1.00000 0 0 0
    1.00 00234 0012 00235 -4045.97897 1.00000 1.00000 0 0 0
    1.00 00235 0014 00244 -4118.79154 1.00000 1.00000 0 0 0
    1.00 00236 0015 00229 -4086.53628 1.00000 1.00000 0 0 0
    1.00 00237 0015 00241 -4062.58003 1.00000 1.00000 0 0 0
    1.00 00238 0014 00240 -4120.68354 1.00000 1.00000 0 0 0
    1.00 00239 0013 00240 -4109.97137 1.00000 1.00000 0 0 0
    1.00 00240 0013 00231 -4056.30168 1.00000 1.00000 0 0 0
    1.00 00241 0013 00237 -4077.46880 1.00000 1.00000 0 0 0
    1.00 00242 0014 00225 -4069.50741 1.00000 1.00000 0 0 0
    1.00 00243 0014 00216 -3955.14838 1.00000 1.00000 0 0 0
    1.00 00244 0017 00212 -3980.15892 1.00000 1.00000 0 0 0
    1.00 00245 0018 00224 -4041.68777 1.00000 1.00000 0 0 0
    1.00 00246 0016 00242 -4119.79755 1.00000 1.00000 0 0 0
    1.00 00247 0016 00230 -4094.92153 1.00000 1.00000 0 0 0
    1.00 00248 0018 00224 -4055.06951 1.00000 1.00000 0 0 0
    1.00 00249 0018 00224 -4088.98950 1.00000 1.00000 0 0 0
    1.00 00250 0017 00225 -4056.37578 1.00000 1.00000 0 0 0
    1.00 00251 0017 00228 -4042.06595 1.00000 1.00000 0 0 0
    1.00 00252 0015 00223 -4053.30708 1.00000 1.00000 0 0 0
    1.00 00253 0014 00224 -4034.53348 1.00000 1.00000 0 0 0
    1.00 00254 0014 00222 -4021.64076 1.00000 1.00000 0 0 0
    1.00 00255 0013 00223 -4036.52906 1.00000 1.00000 0 0 0
    1.00 00256 0013 00229 -4029.73999 1.00000 1.00000 0 0 0
    1.00 00257 0014 00255 -4149.54455 1.00000 1.00000 0 0 0
    1.00 00258 0016 00220 -4029.28651 1.00000 1.00000 0 0 0
    1.00 00259 0013 00237 -4055.56583 1.00000 1.00000 0 0 0
    1.00 00260 0012 00230 -4045.60101 1.00000 1.00000 0 0 0
    1.00 00261 0013 00237 -4040.44926 1.00000 1.00000 0 0 0
    1.00 00262 0012 00243 -4075.27469 1.00000 1.00000 0 0 0
    1.00 00263 0012 00250 -3983.73460 1.00000 1.00000 0 0 0
    1.00 00264 0014 00251 -4058.41713 1.00000 1.00000 0 0 0
    1.00 00265 0012 00244 -4068.22344 1.00000 1.00000 0 0 0
    1.00 00266 0012 00240 -4092.49113 1.00000 1.00000 0 0 0
    1.00 00267 0012 00233 -4016.05059 1.00000 1.00000 0 0 0
    1.00 00268 0014 00220 -4011.45873 1.00000 1.00000 0 0 0
    1.00 00269 0011 00232 -4077.54357 1.00000 1.00000 0 0 0
    1.00 00270 0012 00230 -4037.31371 1.00000 1.00000 0 0 0
    1.00 00271 0012 00225 -3980.31627 1.00000 1.00000 0 0 0
    1.00 00272 0011 00216 -3995.24331 1.00000 1.00000 0 0 0
    1.00 00273 0012 00222 -4005.30431 1.00000 1.00000 0 0 0
    1.00 00274 0012 00223 -3994.86250 1.00000 1.00000 0 0 0
    1.00 00275 0012 00209 -3931.33477 1.00000 1.00000 0 0 0
    1.00 00276 0012 00221 -3984.96021 1.00000 1.00000 0 0 0
    1.00 00277 0012 00228 -4025.59297 1.00000 1.00000 0 0 0
    1.00 00278 0014 00240 -4077.26835 1.00000 1.00000 0 0 0
    1.00 00279 0012 00238 -4099.75144 1.00000 1.00000 0 0 0
    1.00 00280 0011 00231 -4070.15332 1.00000 1.00000 0 0 0
    1.00 00281 0011 00221 -3995.23459 1.00000 1.00000 0 0 0
    1.00 00282 0012 00243 -4079.65423 1.00000 1.00000 0 0 0
    1.00 00283 0012 00245 -4111.88343 1.00000 1.00000 0 0 0
    1.00 00284 0011 00222 -4034.02399 1.00000 1.00000 0 0 0
    1.00 00285 0012 00234 -4043.48389 1.00000 1.00000 0 0 0
    1.00 00286 0011 00249 -4082.86905 1.00000 1.00000 0 0 0
    1.00 00287 0012 00230 -4067.06728 1.00000 1.00000 0 0 0
    1.00 00288 0013 00237 -4106.43080 1.00000 1.00000 0 0 0
    1.00 00289 0014 00236 -4109.63453 1.00000 1.00000 0 0 0
    1.00 00290 0014 00249 -4144.17830 1.00000 1.00000 0 0 0
    1.00 00291 0014 00248 -4127.05269 1.00000 1.00000 0 0 0
    1.00 00292 0014 00248 -4106.81848 1.00000 1.00000 0 0 0
    1.00 00293 0013 00227 -4046.24703 1.00000 1.00000 0 0 0
    1.00 00294 0013 00226 -4077.10082 1.00000 1.00000 0 0 0
    1.00 00295 0014 00225 -4027.22088 1.00000 1.00000 0 0 0
    1.00 00296 0013 00240 -4084.94357 1.00000 1.00000 0 0 0
    1.00 00297 0013 00244 -4092.47018 1.00000 1.00000 0 0 0
    1.00 00298 0012 00238 -4071.99938 1.00000 1.00000 0 0 0
    1.00 00299 0013 00236 -4106.17387 1.00000 1.00000 0 0 0
    1.00 00300 0015 00242 -4098.02675 1.00000 1.00000 0 0 0
    1.00 00301 0013 00252 -4200.43368 1.00000 1.00000 0 0 0
    1.00 00302 0013 00250 -4171.38833 1.00000 1.00000 0 0 0
    2.00 00303 0013 00239 -4116.21308 1.00000 1.00000 0 0 0
    2.00 00304 0012 00230 -4016.59597 1.00000 1.00000 0 0 0
    2.00 00305 0011 00237 -4076.83217 1.00000 1.00000 0 0 0
    2.00 00306 0013 00246 -4070.13096 1.00000 1.00000 0 0 0
    2.00 00307 0013 00244 -4057.39173 1.00000 1.00000 0 0 0
    2.00 00308 0013 00234 -4032.35947 1.00000 1.00000 0 0 0
    2.00 00309 0013 00226 -3990.88450 1.00000 1.00000 0 0 0
    2.00 00310 0013 00231 -3993.19282 1.00000 1.00000 0 0 0
    2.00 00311 0012 00247 -4108.49786 1.00000 1.00000 0 0 0
    2.00 00312 0013 00241 -4057.42957 1.00000 1.00000 0 0 0
    2.00 00313 0013 00248 -4024.60150 1.00000 1.00000 0 0 0
    2.00 00314 0014 00252 -4045.31812 1.00000 1.00000 0 0 0
    2.00 00315 0012 00250 -4082.95026 1.00000 1.00000 0 0 0
    2.00 00316 0012 00245 -4097.20267 1.00000 1.00000 0 0 0
    2.00 00317 0014 00241 -4058.57391 1.00000 1.00000 0 0 0
    2.00 00318 0012 00237 -4106.12454 1.00000 1.00000 0 0 0
    2.00 00319 0013 00243 -4051.79831 1.00000 1.00000 0 0 0
    2.00 00320 0013 00239 -4073.36213 1.00000 1.00000 0 0 0
    2.00 00321 0013 00241 -4057.58192 1.00000 1.00000 0 0 0
    2.00 00322 0014 00242 -4095.95090 1.00000 1.00000 0 0 0
    2.00 00323 0012 00246 -4140.29567 1.00000 1.00000 0 0 0
    2.00 00324 0013 00242 -4102.77172 1.00000 1.00000 0 0 0
    2.00 00325 0012 00252 -4129.39600 1.00000 1.00000 0 0 0
    2.00 00326 0014 00238 -4065.20402 1.00000 1.00000 0 0 0
    2.00 00327 0015 00240 -4050.94768 1.00000 1.00000 0 0 0
    2.00 00328 0014 00251 -4107.37918 1.00000 1.00000 0 0 0
    2.00 00329 0013 00236 -4083.39254 1.00000 1.00000 0 0 0
    2.00 00330 0014 00215 -3973.18281 1.00000 1.00000 0 0 0
    2.00 00331 0013 00242 -4104.32018 1.00000 1.00000 0 0 0
    2.00 00332 0013 00238 -4050.74191 1.00000 1.00000 0 0 0
    2.00 00333 0014 00242 -4058.49034 1.00000 1.00000 0 0 0
    2.00 00334 0011 00226 -3958.14930 1.00000 1.00000 0 0 0
    2.00 00335 0012 00216 -3926.54088 1.00000 1.00000 0 0 0
    2.00 00336 0011 00218 -3902.96252 1.00000 1.00000 0 0 0
    2.00 00337 0012 00219 -3913.40230 1.00000 1.00000 0 0 0
    2.00 00338 0013 00230 -3996.87026 1.00000 1.00000 0 0 0
    2.00 00339 0012 00231 -3959.31662 1.00000 1.00000 0 0 0
    2.00 00340 0012 00231 -3945.93873 1.00000 1.00000 0 0 0
    2.00 00341 0015 00224 -4002.56676 1.00000 1.00000 0 0 0
    2.00 00342 0014 00224 -4060.23072 1.00000 1.00000 0 0 0
    2.00 00343 0012 00234 -4021.93195 1.00000 1.00000 0 0 0
    2.00 00344 0012 00237 -4044.01563 1.00000 1.00000 0 0 0
    2.00 00345 0010 00237 -4061.22622 1.00000 1.00000 0 0 0
    2.00 00346 0012 00239 -4051.53678 1.00000 1.00000 0 0 0
    2.00 00347 0011 00230 -4001.53010 1.00000 1.00000 0 0 0
    2.00 00348 0012 00232 -4078.23312 1.00000 1.00000 0 0 0
    2.00 00349 0011 00242 -4079.53446 1.00000 1.00000 0 0 0
    2.00 00350 0011 00240 -4051.88843 1.00000 1.00000 0 0 0
    2.00 00351 0012 00229 -4067.36782 1.00000 1.00000 0 0 0
    2.00 00352 0012 00227 -4052.35599 1.00000 1.00000 0 0 0
    2.00 00353 0012 00219 -4002.44870 1.00000 1.00000 0 0 0
    2.00 00354 0011 00229 -3991.85875 1.00000 1.00000 0 0 0
    2.00 00355 0009 00229 -4007.85928 1.00000 1.00000 0 0 0
    2.00 00356 0009 00235 -4055.47249 1.00000 1.00000 0 0 0
    2.00 00357 0009 00235 -4015.06378 1.00000 1.00000 0 0 0
    2.00 00358 0009 00220 -3955.14907 1.00000 1.00000 0 0 0
    2.00 00359 0012 00241 -4027.71222 1.00000 1.00000 0 0 0
    2.00 00360 0010 00242 -4021.74880 1.00000 1.00000 0 0 0
    2.00 00361 0011 00224 -4031.44138 1.00000 1.00000 0 0 0
    2.00 00362 0012 00224 -4087.89966 1.00000 1.00000 0 0 0
    2.00 00363 0013 00231 -4102.48225 1.00000 1.00000 0 0 0
    2.00 00364 0014 00229 -4075.46454 1.00000 1.00000 0 0 0
    2.00 00365 0012 00239 -4030.87469 1.00000 1.00000 0 0 0
    2.00 00366 0010 00240 -4058.86661 1.00000 1.00000 0 0 0
    2.00 00367 0013 00245 -4079.33504 1.00000 1.00000 0 0 0
    2.00 00368 0012 00229 -4058.87609 1.00000 1.00000 0 0 0
    2.00 00369 0013 00238 -4050.32979 1.00000 1.00000 0 0 0
    2.00 00370 0011 00232 -4005.91191 1.00000 1.00000 0 0 0
    2.00 00371 0015 00226 -4019.77565 1.00000 1.00000 0 0 0
    2.00 00372 0015 00229 -4042.57970 1.00000 1.00000 0 0 0
    2.00 00373 0012 00241 -4060.51268 1.00000 1.00000 0 0 0
    2.00 00374 0012 00223 -4011.15122 1.00000 1.00000 0 0 0
    2.00 00375 0016 00231 -4017.62262 1.00000 1.00000 0 0 0
    2.00 00376 0012 00234 -4022.08183 1.00000 1.00000 0 0 0
    2.00 00377 0011 00232 -3988.32012 1.00000 1.00000 0 0 0
    2.00 00378 0011 00217 -3934.87318 1.00000 1.00000 0 0 0
    2.00 00379 0013 00229 -4028.79858 1.00000 1.00000 0 0 0
    2.00 00380 0014 00241 -4086.60769 1.00000 1.00000 0 0 0
    2.00 00381 0012 00235 -4082.07027 1.00000 1.00000 0 0 0
    2.00 00382 0011 00249 -4123.55204 1.00000 1.00000 0 0 0
    2.00 00383 0012 00227 -4074.92120 1.00000 1.00000 0 0 0
    2.00 00384 0012 00214 -3949.92906 1.00000 1.00000 0 0 0
    2.00 00385 0012 00221 -3941.71589 1.00000 1.00000 0 0 0
    2.00 00386 0013 00231 -3967.21780 1.00000 1.00000 0 0 0
    2.00 00387 0012 00233 -3988.54559 1.00000 1.00000 0 0 0
    2.00 00388 0011 00239 -3995.73919 1.00000 1.00000 0 0 0
    2.00 00389 0011 00234 -3997.48032 1.00000 1.00000 0 0 0
    2.00 00390 0013 00228 -4002.33402 1.00000 1.00000 0 0 0
    2.00 00391 0010 00227 -3904.87212 1.00000 1.00000 0 0 0
    2.00 00392 0010 00212 -3875.84670 1.00000 1.00000 0 0 0
    2.00 00393 0010 00213 -3888.83360 1.00000 1.00000 0 0 0
    2.00 00394 0012 00228 -3975.96654 1.00000 1.00000 0 0 0
    2.00 00395 0012 00212 -3926.38187 1.00000 1.00000 0 0 0
    2.00 00396 0010 00224 -3983.48006 1.00000 1.00000 0 0 0
    2.00 00397 0012 00222 -3992.34300 1.00000 1.00000 0 0 0
    2.00 00398 0014 00244 -4048.17369 1.00000 1.00000 0 0 0
    2.00 00399 0014 00228 -4063.63325 1.00000 1.00000 0 0 0
    2.00 00400 0012 00233 -4001.75867 1.00000 1.00000 0 0 0
    2.00 00401 0011 00239 -4027.52132 1.00000 1.00000 0 0 0
    2.00 00402 0011 00230 -3970.63559 1.00000 1.00000 0 0 0
    2.00 00403 0011 00228 -3916.67346 1.00000 1.00000 0 0 0
    2.00 00404 0011 00237 -3957.78904 1.00000 1.00000 0 0 0
    2.00 00405 0012 00236 -3994.41781 1.00000 1.00000 0 0 0
    2.00 00406 0010 00227 -3959.16920 1.00000 1.00000 0 0 0
    2.00 00407 0011 00217 -3934.26736 1.00000 1.00000 0 0 0
    2.00 00408 0010 00225 -3951.65657 1.00000 1.00000 0 0 0
    2.00 00409 0011 00231 -3943.19087 1.00000 1.00000 0 0 0
    2.00 00410 0011 00220 -3909.71491 1.00000 1.00000 0 0 0
    2.00 00411 0011 00225 -3898.69168 1.00000 1.00000 0 0 0
    2.00 00412 0012 00238 -3987.90077 1.00000 1.00000 0 0 0
    2.00 00413 0013 00235 -4001.08176 1.00000 1.00000 0 0 0
    2.00 00414 0011 00254 -4097.99713 1.00000 1.00000 0 0 0
    2.00 00415 0014 00246 -4092.71627 1.00000 1.00000 0 0 0
    2.00 00416 0014 00218 -3949.35234 1.00000 1.00000 0 0 0
    2.00 00417 0013 00229 -3940.53566 1.00000 1.00000 0 0 0
    2.00 00418 0011 00230 -3972.90172 1.00000 1.00000 0 0 0
    2.00 00419 0011 00236 -4020.01105 1.00000 1.00000 0 0 0
    2.00 00420 0011 00241 -4046.65300 1.00000 1.00000 0 0 0
    2.00 00421 0011 00255 -4070.28613 1.00000 1.00000 0 0 0
    2.00 00422 0011 00242 -4050.72357 1.00000 1.00000 0 0 0
    2.00 00423 0012 00226 -4004.10556 1.00000 1.00000 0 0 0
    2.00 00424 0011 00230 -4060.57421 1.00000 1.00000 0 0 0
    2.00 00425 0012 00236 -4073.64502 1.00000 1.00000 0 0 0
    2.00 00426 0013 00225 -4036.38688 1.00000 1.00000 0 0 0
    2.00 00427 0012 00240 -4028.37928 1.00000 1.00000 0 0 0
    2.00 00428 0011 00244 -4090.75268 1.00000 1.00000 0 0 0
    2.00 00429 0011 00242 -4052.26899 1.00000 1.00000 0 0 0
    2.00 00430 0012 00228 -3999.50011 1.00000 1.00000 0 0 0
    2.00 00431 0011 00216 -3987.00359 1.00000 1.00000 0 0 0
    2.00 00432 0011 00228 -3991.00835 1.00000 1.00000 0 0 0
    2.00 00433 0011 00225 -3895.10542 1.00000 1.00000 0 0 0
    2.00 00434 0012 00222 -3965.65000 1.00000 1.00000 0 0 0
    2.00 00435 0011 00220 -3977.42337 1.00000 1.00000 0 0 0
    2.00 00436 0010 00223 -3973.39004 1.00000 1.00000 0 0 0
    2.00 00437 0010 00225 -3963.58081 1.00000 1.00000 0 0 0
    2.00 00438 0012 00223 -3970.53663 1.00000 1.00000 0 0 0
    2.00 00439 0013 00225 -3957.27408 1.00000 1.00000 0 0 0
    2.00 00440 0014 00228 -3948.26224 1.00000 1.00000 0 0 0
    2.00 00441 0014 00222 -3988.12632 1.00000 1.00000 0 0 0
    2.00 00442 0014 00227 -4012.80521 1.00000 1.00000 0 0 0
    2.00 00443 0015 00233 -3987.90608 1.00000 1.00000 0 0 0
    2.00 00444 0012 00229 -3969.29324 1.00000 1.00000 0 0 0
    2.00 00445 0013 00219 -3930.00899 1.00000 1.00000 0 0 0
    2.00 00446 0014 00222 -3917.73512 1.00000 1.00000 0 0 0
    2.00 00447 0014 00229 -3954.45856 1.00000 1.00000 0 0 0
    2.00 00448 0012 00237 -4007.55819 1.00000 1.00000 0 0 0
    2.00 00449 0013 00253 -4087.83602 1.00000 1.00000 0 0 0
    2.00 00450 0013 00239 -4055.95036 1.00000 1.00000 0 0 0
    2.00 00451 0012 00242 -4013.05816 1.00000 1.00000 0 0 0
    2.00 00452 0011 00220 -3934.06328 1.00000 1.00000 0 0 0
    2.00 00453 0012 00220 -3903.45672 1.00000 1.00000 0 0 0
    2.00 00454 0011 00226 -3976.41127 1.00000 1.00000 0 0 0
    2.00 00455 0012 00218 -3975.50968 1.00000 1.00000 0 0 0
    2.00 00456 0013 00222 -3986.53050 1.00000 1.00000 0 0 0
    2.00 00457 0011 00236 -3951.29532 1.00000 1.00000 0 0 0
    2.00 00458 0011 00229 -3975.37923 1.00000 1.00000 0 0 0
    2.00 00459 0013 00233 -4040.08197 1.00000 1.00000 0 0 0
    2.00 00460 0012 00235 -4032.34083 1.00000 1.00000 0 0 0
    2.00 00461 0012 00217 -3935.49572 1.00000 1.00000 0 0 0
    2.00 00462 0012 00212 -3968.56292 1.00000 1.00000 0 0 0
    2.00 00463 0013 00220 -3967.36902 1.00000 1.00000 0 0 0
    2.00 00464 0014 00220 -3962.38685 1.00000 1.00000 0 0 0
    2.00 00465 0016 00222 -4009.39749 1.00000 1.00000 0 0 0
    2.00 00466 0015 00221 -3966.03106 1.00000 1.00000 0 0 0
    2.00 00467 0015 00212 -3974.86559 1.00000 1.00000 0 0 0
    2.00 00468 0016 00223 -4043.91384 1.00000 1.00000 0 0 0
    2.00 00469 0016 00221 -4075.59026 1.00000 1.00000 0 0 0
    2.00 00470 0016 00225 -4049.44389 1.00000 1.00000 0 0 0
    2.00 00471 0014 00226 -3999.85161 1.00000 1.00000 0 0 0
    2.00 00472 0012 00208 -3880.88495 1.00000 1.00000 0 0 0
    2.00 00473 0012 00212 -3913.09819 1.00000 1.00000 0 0 0
    2.00 00474 0012 00226 -4011.21514 1.00000 1.00000 0 0 0
    2.00 00475 0014 00220 -4010.71595 1.00000 1.00000 0 0 0
    2.00 00476 0013 00208 -3984.76453 1.00000 1.00000 0 0 0
    2.00 00477 0012 00223 -4019.21150 1.00000 1.00000 0 0 0
    2.00 00478 0013 00236 -4086.85329 1.00000 1.00000 0 0 0
    2.00 00479 0013 00228 -4060.05513 1.00000 1.00000 0 0 0
    2.00 00480 0014 00227 -4064.48561 1.00000 1.00000 0 0 0
    2.00 00481 0012 00225 -3995.57514 1.00000 1.00000 0 0 0
    2.00 00482 0012 00222 -4022.61386 1.00000 1.00000 0 0 0
    2.00 00483 0015 00227 -4017.31780 1.00000 1.00000 0 0 0
    2.00 00484 0012 00226 -4039.45493 1.00000 1.00000 0 0 0
    2.00 00485 0013 00232 -4122.64101 1.00000 1.00000 0 0 0
    2.00 00486 0014 00232 -4083.93690 1.00000 1.00000 0 0 0
    2.00 00487 0015 00232 -4095.60392 1.00000 1.00000 0 0 0
    2.00 00488 0014 00235 -4069.55590 1.00000 1.00000 0 0 0
    2.00 00489 0013 00231 -3980.80588 1.00000 1.00000 0 0 0
    2.00 00490 0010 00228 -3982.10999 1.00000 1.00000 0 0 0
    2.00 00491 0011 00222 -3952.14709 1.00000 1.00000 0 0 0
    2.00 00492 0012 00224 -4017.91697 1.00000 1.00000 0 0 0
    2.00 00493 0012 00240 -4070.02130 1.00000 1.00000 0 0 0
    2.00 00494 0012 00240 -4077.87253 1.00000 1.00000 0 0 0
    2.00 00495 0013 00244 -4035.37748 1.00000 1.00000 0 0 0
    2.00 00496 0012 00244 -4027.61607 1.00000 1.00000 0 0 0
    2.00 00497 0012 00248 -4047.20550 1.00000 1.00000 0 0 0
    2.00 00498 0014 00238 -4054.15910 1.00000 1.00000 0 0 0
    2.00 00499 0012 00226 -4055.18100 1.00000 1.00000 0 0 0
    2.00 00500 0013 00225 -4022.41600 1.00000 1.00000 0 0 0
    2.00 00501 0012 00228 -4008.07032 1.00000 1.00000 0 0 0
    2.00 00502 0014 00229 -4009.85039 1.00000 1.00000 0 0 0
    2.00 00503 0014 00217 -3973.40786 1.00000 1.00000 0 0 0
    2.00 00504 0015 00218 -4022.81581 1.00000 1.00000 0 0 0
    2.00 00505 0012 00222 -4016.03657 1.00000 1.00000 0 0 0
    2.00 00506 0011 00223 -4007.51539 1.00000 1.00000 0 0 0
    2.00 00507 0013 00234 -3973.77061 1.00000 1.00000 0 0 0
    2.00 00508 0013 00247 -4077.27595 1.00000 1.00000 0 0 0
    2.00 00509 0012 00247 -4097.27990 1.00000 1.00000 0 0 0
    2.00 00510 0014 00224 -4041.26658 1.00000 1.00000 0 0 0
    2.00 00511 0012 00232 -4049.58203 1.00000 1.00000 0 0 0
    2.00 00512 0011 00232 -3999.29955 1.00000 1.00000 0 0 0
    2.00 00513 0014 00230 -4025.98415 1.00000 1.00000 0 0 0
    3.00 00514 0013 00247 -4054.56049 1.00000 1.00000 0 0 0
    3.00 00515 0012 00235 -4045.28147 1.00000 1.00000 0 0 0
    3.00 00516 0015 00215 -4006.55534 1.00000 1.00000 0 0 0
    3.00 00517 0012 00224 -3996.43989 1.00000 1.00000 0 0 0
    3.00 00518 0012 00234 -4008.76629 1.00000 1.00000 0 0 0
    3.00 00519 0012 00215 -3908.28465 1.00000 1.00000 0 0 0
    3.00 00520 0014 00226 -3979.72953 1.00000 1.00000 0 0 0
    3.00 00521 0015 00224 -4011.60948 1.00000 1.00000 0 0 0
    3.00 00522 0015 00225 -4004.87956 1.00000 1.00000 0 0 0
    3.00 00523 0013 00229 -3989.77791 1.00000 1.00000 0 0 0
    3.00 00524 0015 00218 -4001.27441 1.00000 1.00000 0 0 0
    3.00 00525 0015 00220 -3971.06848 1.00000 1.00000 0 0 0
    3.00 00526 0014 00228 -4041.15664 1.00000 1.00000 0 0 0
    3.00 00527 0014 00232 -4010.90887 1.00000 1.00000 0 0 0
    3.00 00528 0014 00222 -4035.42442 1.00000 1.00000 0 0 0
    3.00 00529 0014 00232 -4018.50718 1.00000 1.00000 0 0 0
    3.00 00530 0015 00229 -4015.08450 1.00000 1.00000 0 0 0
    3.00 00531 0015 00252 -4110.47447 1.00000 1.00000 0 0 0
    3.00 00532 0013 00239 -4117.18257 1.00000 1.00000 0 0 0
    3.00 00533 0012 00227 -4018.18996 1.00000 1.00000 0 0 0
    3.00 00534 0012 00229 -4031.16185 1.00000 1.00000 0 0 0
    3.00 00535 0012 00237 -4142.58109 1.00000 1.00000 0 0 0
    3.00 00536 0015 00242 -4137.93674 1.00000 1.00000 0 0 0
    3.00 00537 0013 00237 -4085.23768 1.00000 1.00000 0 0 0
    3.00 00538 0012 00236 -4071.71083 1.00000 1.00000 0 0 0
    3.00 00539 0012 00231 -4061.17145 1.00000 1.00000 0 0 0
    3.00 00540 0015 00232 -4092.45377 1.00000 1.00000 0 0 0
    3.00 00541 0013 00231 -4068.64859 1.00000 1.00000 0 0 0
    3.00 00542 0011 00237 -4045.80770 1.00000 1.00000 0 0 0
    3.00 00543 0010 00232 -4004.75526 1.00000 1.00000 0 0 0
    3.00 00544 0010 00227 -3986.42838 1.00000 1.00000 0 0 0
    3.00 00545 0012 00226 -3976.95364 1.00000 1.00000 0 0 0
    3.00 00546 0010 00209 -3930.21394 1.00000 1.00000 0 0 0
    3.00 00547 0013 00230 -4045.73181 1.00000 1.00000 0 0 0
    3.00 00548 0012 00224 -4044.81743 1.00000 1.00000 0 0 0
    3.00 00549 0011 00234 -4014.76148 1.00000 1.00000 0 0 0
    3.00 00550 0012 00227 -3991.89645 1.00000 1.00000 0 0 0
    3.00 00551 0013 00240 -4046.16095 1.00000 1.00000 0 0 0
    3.00 00552 0012 00230 -4043.05744 1.00000 1.00000 0 0 0
    3.00 00553 0015 00238 -4076.90842 1.00000 1.00000 0 0 0
    3.00 00554 0014 00237 -4058.37278 1.00000 1.00000 0 0 0
    3.00 00555 0013 00223 -3977.85087 1.00000 1.00000 0 0 0
    3.00 00556 0012 00220 -3928.62776 1.00000 1.00000 0 0 0
    3.00 00557 0013 00227 -4002.67867 1.00000 1.00000 0 0 0
    3.00 00558 0013 00218 -3934.29860 1.00000 1.00000 0 0 0
    3.00 00559 0012 00225 -3988.26192 1.00000 1.00000 0 0 0
    3.00 00560 0011 00228 -4006.66197 1.00000 1.00000 0 0 0
    3.00 00561 0011 00225 -3975.59791 1.00000 1.00000 0 0 0
    3.00 00562 0012 00244 -4048.32891 1.00000 1.00000 0 0 0
    3.00 00563 0014 00223 -4045.40907 1.00000 1.00000 0 0 0
    3.00 00564 0016 00231 -4031.86410 1.00000 1.00000 0 0 0
    3.00 00565 0015 00217 -3919.42027 1.00000 1.00000 0 0 0
    3.00 00566 0015 00235 -3990.41339 1.00000 1.00000 0 0 0
    3.00 00567 0014 00227 -3950.07725 1.00000 1.00000 0 0 0
    3.00 00568 0013 00234 -3981.21658 1.00000 1.00000 0 0 0
    3.00 00569 0012 00233 -4057.20557 1.00000 1.00000 0 0 0
    3.00 00570 0012 00256 -4100.95840 1.00000 1.00000 0 0 0
    3.00 00571 0012 00241 -4006.58775 1.00000 1.00000 0 0 0
    3.00 00572 0011 00221 -3899.17102 1.00000 1.00000 0 0 0
    3.00 00573 0010 00217 -3895.76403 1.00000 1.00000 0 0 0
    3.00 00574 0010 00222 -3911.94413 1.00000 1.00000 0 0 0
    3.00 00575 0010 00223 -3953.41472 1.00000 1.00000 0 0 0
    3.00 00576 0010 00227 -3961.77471 1.00000 1.00000 0 0 0
    3.00 00577 0013 00234 -4099.90986 1.00000 1.00000 0 0 0
    3.00 00578 0011 00222 -4014.73766 1.00000 1.00000 0 0 0
    3.00 00579 0012 00214 -3982.57897 1.00000 1.00000 0 0 0
    3.00 00580 0013 00236 -4065.00470 1.00000 1.00000 0 0 0
    3.00 00581 0015 00230 -4019.72689 1.00000 1.00000 0 0 0
    3.00 00582 0017 00235 -4068.01778 1.00000 1.00000 0 0 0
    3.00 00583 0016 00216 -3944.98653 1.00000 1.00000 0 0 0
    3.00 00584 0013 00232 -4024.15459 1.00000 1.00000 0 0 0
    3.00 00585 0011 00226 -3979.33510 1.00000 1.00000 0 0 0
    3.00 00586 0015 00220 -3984.18738 1.00000 1.00000 0 0 0
    3.00 00587 0015 00243 -4109.56383 1.00000 1.00000 0 0 0
    3.00 00588 0014 00242 -4101.62725 1.00000 1.00000 0 0 0
    3.00 00589 0015 00234 -4130.76946 1.00000 1.00000 0 0 0
    3.00 00590 0013 00240 -4128.01286 1.00000 1.00000 0 0 0
    3.00 00591 0013 00244 -4117.95804 1.00000 1.00000 0 0 0
    3.00 00592 0013 00227 -4060.93868 1.00000 1.00000 0 0 0
    3.00 00593 0013 00219 -3978.82295 1.00000 1.00000 0 0 0
    3.00 00594 0013 00220 -3996.45892 1.00000 1.00000 0 0 0
    3.00 00595 0015 00219 -3998.70032 1.00000 1.00000 0 0 0
    3.00 00596 0015 00219 -4016.41358 1.00000 1.00000 0 0 0
    3.00 00597 0014 00217 -3943.59309 1.00000 1.00000 0 0 0
    3.00 00598 0012 00214 -3926.78533 1.00000 1.00000 0 0 0
    3.00 00599 0012 00227 -3992.55282 1.00000 1.00000 0 0 0
    3.00 00600 0013 00237 -4079.89597 1.00000 1.00000 0 0 0
    3.00 00601 0011 00239 -4082.78951 1.00000 1.00000 0 0 0
    3.00 00602 0010 00253 -4122.67305 1.00000 1.00000 0 0 0
    3.00 00603 0013 00237 -4080.75738 1.00000 1.00000 0 0 0
    3.00 00604 0014 00241 -4077.56912 1.00000 1.00000 0 0 0
    3.00 00605 0015 00240 -4062.47092 1.00000 1.00000 0 0 0
    3.00 00606 0015 00239 -4030.08974 1.00000 1.00000 0 0 0
    3.00 00607 0013 00230 -4014.97085 1.00000 1.00000 0 0 0
    3.00 00608 0012 00235 -3996.18271 1.00000 1.00000 0 0 0
    3.00 00609 0013 00226 -3964.21318 1.00000 1.00000 0 0 0
    3.00 00610 0016 00235 -3981.92969 1.00000 1.00000 0 0 0
    3.00 00611 0014 00220 -3959.67671 1.00000 1.00000 0 0 0
    3.00 00612 0014 00219 -4014.28972 1.00000 1.00000 0 0 0
    3.00 00613 0014 00226 -4022.75680 1.00000 1.00000 0 0 0
    3.00 00614 0015 00228 -4052.40089 1.00000 1.00000 0 0 0
    3.00 00615 0012 00227 -3993.11497 1.00000 1.00000 0 0 0
    3.00 00616 0012 00218 -3948.86884 1.00000 1.00000 0 0 0
    3.00 00617 0011 00227 -3954.65351 1.00000 1.00000 0 0 0
    3.00 00618 0011 00224 -3985.77569 1.00000 1.00000 0 0 0
    3.00 00619 0011 00222 -4007.97344 1.00000 1.00000 0 0 0
    3.00 00620 0013 00218 -3927.28266 1.00000 1.00000 0 0 0
    3.00 00621 0012 00217 -3953.67754 1.00000 1.00000 0 0 0
    3.00 00622 0013 00229 -3978.54652 1.00000 1.00000 0 0 0
    3.00 00623 0011 00226 -4022.65772 1.00000 1.00000 0 0 0
    3.00 00624 0012 00238 -4067.78532 1.00000 1.00000 0 0 0
    3.00 00625 0013 00248 -4135.91325 1.00000 1.00000 0 0 0
    3.00 00626 0013 00235 -4087.56344 1.00000 1.00000 0 0 0
    3.00 00627 0014 00228 -4072.87754 1.00000 1.00000 0 0 0
    3.00 00628 0013 00222 -4056.83734 1.00000 1.00000 0 0 0
    3.00 00629 0012 00234 -4075.35235 1.00000 1.00000 0 0 0
    3.00 00630 0012 00223 -4006.71700 1.00000 1.00000 0 0 0
    3.00 00631 0012 00224 -4005.29472 1.00000 1.00000 0 0 0
    3.00 00632 0013 00221 -4032.12137 1.00000 1.00000 0 0 0
    3.00 00633 0014 00237 -4069.20364 1.00000 1.00000 0 0 0
    3.00 00634 0011 00236 -4054.07627 1.00000 1.00000 0 0 0
    3.00 00635 0012 00236 -3969.90888 1.00000 1.00000 0 0 0
    3.00 00636 0012 00238 -4001.81630 1.00000 1.00000 0 0 0
    3.00 00637 0011 00231 -4002.97148 1.00000 1.00000 0 0 0
    3.00 00638 0012 00239 -4036.14693 1.00000 1.00000 0 0 0
    3.00 00639 0011 00238 -4017.21221 1.00000 1.00000 0 0 0
    3.00 00640 0014 00224 -4003.35929 1.00000 1.00000 0 0 0
    3.00 00641 0018 00232 -4053.01017 1.00000 1.00000 0 0 0
    3.00 00642 0015 00231 -4027.92065 1.00000 1.00000 0 0 0
    3.00 00643 0014 00242 -4028.33126 1.00000 1.00000 0 0 0
    3.00 00644 0012 00233 -4037.18966 1.00000 1.00000 0 0 0
    3.00 00645 0014 00238 -4050.43661 1.00000 1.00000 0 0 0
    3.00 00646 0011 00224 -3921.64042 1.00000 1.00000 0 0 0
    3.00 00647 0011 00225 -3948.13192 1.00000 1.00000 0 0 0
    3.00 00648 0009 00226 -3937.50719 1.00000 1.00000 0 0 0
    3.00 00649 0013 00232 -3949.02760 1.00000 1.00000 0 0 0
    3.00 00650 0014 00231 -3954.56196 1.00000 1.00000 0 0 0
    3.00 00651 0011 00232 -3872.29234 1.00000 1.00000 0 0 0
    3.00 00652 0011 00227 -3903.50859 1.00000 1.00000 0 0 0
    3.00 00653 0010 00224 -3896.24253 1.00000 1.00000 0 0 0
    3.00 00654 0010 00236 -3981.58077 1.00000 1.00000 0 0 0
    3.00 00655 0012 00230 -3917.38535 1.00000 1.00000 0 0 0
    3.00 00656 0010 00241 -3965.63647 1.00000 1.00000 0 0 0
    3.00 00657 0012 00224 -3952.56378 1.00000 1.00000 0 0 0
    3.00 00658 0011 00247 -3959.42587 1.00000 1.00000 0 0 0
    3.00 00659 0010 00229 -3950.45667 1.00000 1.00000 0 0 0
    3.00 00660 0012 00237 -4012.15622 1.00000 1.00000 0 0 0
    3.00 00661 0011 00219 -3922.69393 1.00000 1.00000 0 0 0
    3.00 00662 0012 00228 -3957.14535 1.00000 1.00000 0 0 0
    3.00 00663 0010 00220 -3917.82386 1.00000 1.00000 0 0 0
    3.00 00664 0011 00225 -3906.68512 1.00000 1.00000 0 0 0
    3.00 00665 0011 00219 -3920.68910 1.00000 1.00000 0 0 0
    3.00 00666 0011 00240 -3997.26469 1.00000 1.00000 0 0 0
    3.00 00667 0009 00240 -3986.05286 1.00000 1.00000 0 0 0
    3.00 00668 0011 00222 -3951.70947 1.00000 1.00000 0 0 0
    3.00 00669 0012 00223 -3940.45384 1.00000 1.00000 0 0 0
    3.00 00670 0012 00234 -3987.02967 1.00000 1.00000 0 0 0
    3.00 00671 0012 00233 -3939.22391 1.00000 1.00000 0 0 0
    3.00 00672 0012 00234 -3931.16113 1.00000 1.00000 0 0 0
    3.00 00673 0012 00233 -3959.37030 1.00000 1.00000 0 0 0
    3.00 00674 0011 00231 -3956.51102 1.00000 1.00000 0 0 0
    3.00 00675 0011 00229 -4012.83777 1.00000 1.00000 0 0 0
    3.00 00676 0012 00233 -4018.14790 1.00000 1.00000 0 0 0
    3.00 00677 0012 00235 -3996.43853 1.00000 1.00000 0 0 0
    3.00 00678 0012 00232 -4015.35050 1.00000 1.00000 0 0 0
    3.00 00679 0013 00231 -4030.54075 1.00000 1.00000 0 0 0
    3.00 00680 0013 00236 -3975.66351 1.00000 1.00000 0 0 0
    3.00 00681 0013 00244 -4045.73282 1.00000 1.00000 0 0 0
    3.00 00682 0012 00227 -4068.20942 1.00000 1.00000 0 0 0
    3.00 00683 0012 00249 -4065.52996 1.00000 1.00000 0 0 0
    3.00 00684 0012 00244 -4023.23416 1.00000 1.00000 0 0 0
    3.00 00685 0014 00230 -4055.99313 1.00000 1.00000 0 0 0
    3.00 00686 0012 00217 -3959.81115 1.00000 1.00000 0 0 0
    3.00 00687 0012 00232 -4024.25613 1.00000 1.00000 0 0 0
    3.00 00688 0012 00228 -4019.18543 1.00000 1.00000 0 0 0
    3.00 00689 0010 00226 -4014.68170 1.00000 1.00000 0 0 0
    3.00 00690 0010 00225 -3987.99096 1.00000 1.00000 0 0 0
    3.00 00691 0011 00229 -4013.27934 1.00000 1.00000 0 0 0
    3.00 00692 0013 00228 -4001.95486 1.00000 1.00000 0 0 0
    3.00 00693 0010 00231 -4020.76650 1.00000 1.00000 0 0 0
    3.00 00694 0011 00236 -3985.93378 1.00000 1.00000 0 0 0
    3.00 00695 0011 00235 -3985.24821 1.00000 1.00000 0 0 0
    3.00 00696 0011 00233 -4030.73926 1.00000 1.00000 0 0 0
    3.00 00697 0012 00237 -4026.33828 1.00000 1.00000 0 0 0
    3.00 00698 0010 00234 -4025.66513 1.00000 1.00000 0 0 0
    3.00 00699 0011 00236 -4024.15911 1.00000 1.00000 0 0 0
    3.00 00700 0010 00235 -4031.22777 1.00000 1.00000 0 0 0
    3.00 00701 0011 00231 -4007.45447 1.00000 1.00000 0 0 0
    3.00 00702 0011 00229 -3975.41189 1.00000 1.00000 0 0 0
    3.00 00703 0011 00226 -4006.17909 1.00000 1.00000 0 0 0
    3.00 00704 0012 00222 -3998.02885 1.00000 1.00000 0 0 0
    3.00 00705 0013 00237 -4056.54073 1.00000 1.00000 0 0 0
    3.00 00706 0015 00243 -4019.30867 1.00000 1.00000 0 0 0
    3.00 00707 0013 00233 -3989.30672 1.00000 1.00000 0 0 0
    3.00 00708 0012 00219 -3965.22430 1.00000 1.00000 0 0 0
    3.00 00709 0012 00226 -3961.03674 1.00000 1.00000 0 0 0
    3.00 00710 0013 00223 -3997.57183 1.00000 1.00000 0 0 0
    3.00 00711 0013 00212 -3967.89622 1.00000 1.00000 0 0 0
    3.00 00712 0012 00227 -3995.36789 1.00000 1.00000 0 0 0
    3.00 00713 0012 00232 -4064.29620 1.00000 1.00000 0 0 0
    3.00 00714 0013 00236 -4068.14142 1.00000 1.00000 0 0 0
    3.00 00715 0012 00234 -4052.07015 1.00000 1.00000 0 0 0
    3.00 00716 0012 00221 -4006.48995 1.00000 1.00000 0 0 0
    4.00 00717 0014 00240 -4060.43105 1.00000 1.00000 0 0 0
    4.00 00718 0014 00227 -4038.04571 1.00000 1.00000 0 0 0
    4.00 00719 0014 00227 -3987.38598 1.00000 1.00000 0 0 0
    4.00 00720 0011 00242 -4014.70229 1.00000 1.00000 0 0 0
    4.00 00721 0013 00238 -4006.02489 1.00000 1.00000 0 0 0
    4.00 00722 0014 00240 -4030.51907 1.00000 1.00000 0 0 0
    4.00 00723 0015 00236 -4032.15663 1.00000 1.00000 0 0 0
    4.00 00724 0014 00236 -4061.41271 1.00000 1.00000 0 0 0
    4.00 00725 0013 00230 -4046.06099 1.00000 1.00000 0 0 0
    4.00 00726 0013 00224 -4024.43154 1.00000 1.00000 0 0 0
    4.00 00727 0013 00231 -4075.05267 1.00000 1.00000 0 0 0
    4.00 00728 0016 00237 -4028.27920 1.00000 1.00000 0 0 0
    4.00 00729 0013 00227 -3924.79372 1.00000 1.00000 0 0 0
    4.00 00730 0012 00244 -4003.36171 1.00000 1.00000 0 0 0
    4.00 00731 0012 00245 -4024.86651 1.00000 1.00000 0 0 0
    4.00 00732 0011 00235 -4080.25448 1.00000 1.00000 0 0 0
    4.00 00733 0012 00243 -4096.23549 1.00000 1.00000 0 0 0
    4.00 00734 0012 00252 -4183.96515 1.00000 1.00000 0 0 0
    4.00 00735 0013 00245 -4135.56746 1.00000 1.00000 0 0 0
    4.00 00736 0014 00243 -4168.70955 1.00000 1.00000 0 0 0
    4.00 00737 0012 00220 -4048.76772 1.00000 1.00000 0 0 0
    4.00 00738 0013 00216 -3951.70535 1.00000 1.00000 0 0 0
    4.00 00739 0013 00230 -3996.16093 1.00000 1.00000 0 0 0
    4.00 00740 0013 00228 -4043.83262 1.00000 1.00000 0 0 0
    4.00 00741 0013 00242 -4058.09206 1.00000 1.00000 0 0 0
    4.00 00742 0012 00238 -4051.00711 1.00000 1.00000 0 0 0
    4.00 00743 0013 00247 -4030.57791 1.00000 1.00000 0 0 0
    4.00 00744 0013 00222 -3938.31743 1.00000 1.00000 0 0 0
    4.00 00745 0010 00223 -3975.77359 1.00000 1.00000 0 0 0
    4.00 00746 0010 00234 -4001.60780 1.00000 1.00000 0 0 0
    4.00 00747 0012 00229 -3965.99630 1.00000 1.00000 0 0 0
    4.00 00748 0012 00240 -4045.11196 1.00000 1.00000 0 0 0
    4.00 00749 0014 00249 -4040.36494 1.00000 1.00000 0 0 0
    4.00 00750 0015 00249 -4104.38313 1.00000 1.00000 0 0 0
    4.00 00751 0014 00228 -3973.16716 1.00000 1.00000 0 0 0
    4.00 00752 0012 00229 -3966.81387 1.00000 1.00000 0 0 0
    4.00 00753 0012 00231 -4006.64766 1.00000 1.00000 0 0 0
    4.00 00754 0012 00230 -3966.14390 1.00000 1.00000 0 0 0
    4.00 00755 0013 00227 -3929.44518 1.00000 1.00000 0 0 0
    4.00 00756 0014 00219 -3914.85642 1.00000 1.00000 0 0 0
    4.00 00757 0014 00223 -3882.06002 1.00000 1.00000 0 0 0
    4.00 00758 0013 00221 -3941.49373 1.00000 1.00000 0 0 0
    4.00 00759 0014 00222 -3958.15711 1.00000 1.00000 0 0 0
    4.00 00760 0013 00218 -3914.04277 1.00000 1.00000 0 0 0
    4.00 00761 0016 00222 -3946.12259 1.00000 1.00000 0 0 0
    4.00 00762 0014 00226 -3996.44221 1.00000 1.00000 0 0 0
    4.00 00763 0013 00229 -4018.94001 1.00000 1.00000 0 0 0
    4.00 00764 0013 00219 -4022.48794 1.00000 1.00000 0 0 0
    4.00 00765 0014 00234 -4090.84949 1.00000 1.00000 0 0 0
    4.00 00766 0014 00234 -4043.02239 1.00000 1.00000 0 0 0
    4.00 00767 0014 00225 -3969.00873 1.00000 1.00000 0 0 0
    4.00 00768 0014 00226 -3935.46808 1.00000 1.00000 0 0 0
    4.00 00769 0012 00223 -3959.18278 1.00000 1.00000 0 0 0
    4.00 00770 0013 00227 -4025.82774 1.00000 1.00000 0 0 0
    4.00 00771 0011 00226 -4016.44726 1.00000 1.00000 0 0 0
    4.00 00772 0011 00230 -4055.80621 1.00000 1.00000 0 0 0
    4.00 00773 0011 00236 -4005.37818 1.00000 1.00000 0 0 0
    4.00 00774 0011 00246 -4046.95647 1.00000 1.00000 0 0 0
    4.00 00775 0014 00236 -4061.58068 1.00000 1.00000 0 0 0
    4.00 00776 0014 00252 -4193.30143 1.00000 1.00000 0 0 0
    4.00 00777 0013 00254 -4193.25542 1.00000 1.00000 0 0 0
    4.00 00778 0014 00242 -4170.89490 1.00000 1.00000 0 0 0
    4.00 00779 0015 00230 -4077.63781 1.00000 1.00000 0 0 0
    4.00 00780 0015 00229 -4017.89822 1.00000 1.00000 0 0 0
    4.00 00781 0014 00218 -4025.73370 1.00000 1.00000 0 0 0
    4.00 00782 0013 00232 -4044.88533 1.00000 1.00000 0 0 0
    4.00 00783 0012 00230 -3983.07245 1.00000 1.00000 0 0 0
    4.00 00784 0012 00230 -3967.55934 1.00000 1.00000 0 0 0
    4.00 00785 0012 00231 -4005.92556 1.00000 1.00000 0 0 0
    4.00 00786 0011 00229 -4023.86487 1.00000 1.00000 0 0 0
    4.00 00787 0011 00226 -3992.75679 1.00000 1.00000 0 0 0
    4.00 00788 0013 00227 -4030.21343 1.00000 1.00000 0 0 0
    4.00 00789 0015 00227 -4034.44157 1.00000 1.00000 0 0 0
    4.00 00790 0014 00245 -4107.78065 1.00000 1.00000 0 0 0
    4.00 00791 0013 00233 -4052.25106 1.00000 1.00000 0 0 0
    4.00 00792 0013 00234 -4069.06824 1.00000 1.00000 0 0 0
    4.00 00793 0012 00224 -4014.18244 1.00000 1.00000 0 0 0
    4.00 00794 0012 00228 -4013.15921 1.00000 1.00000 0 0 0
    4.00 00795 0011 00237 -4049.78597 1.00000 1.00000 0 0 0
    4.00 00796 0011 00241 -4046.08220 1.00000 1.00000 0 0 0
    4.00 00797 0011 00247 -4038.75831 1.00000 1.00000 0 0 0
    4.00 00798 0011 00242 -4059.00749 1.00000 1.00000 0 0 0
    4.00 00799 0012 00233 -4052.33757 1.00000 1.00000 0 0 0
    4.00 00800 0014 00225 -4099.18345 1.00000 1.00000 0 0 0
    4.00 00801 0013 00234 -4049.63849 1.00000 1.00000 0 0 0
    4.00 00802 0012 00234 -4004.05893 1.00000 1.00000 0 0 0
    4.00 00803 0012 00232 -3994.36835 1.00000 1.00000 0 0 0
    4.00 00804 0013 00235 -3976.58093 1.00000 1.00000 0 0 0
    4.00 00805 0013 00251 -4056.53876 1.00000 1.00000 0 0 0
    4.00 00806 0012 00245 -4112.97607 1.00000 1.00000 0 0 0
    4.00 00807 0013 00248 -4060.03199 1.00000 1.00000 0 0 0
    4.00 00808 0014 00246 -4053.07902 1.00000 1.00000 0 0 0
    4.00 00809 0013 00225 -3923.42656 1.00000 1.00000 0 0 0
    4.00 00810 0012 00222 -4021.43018 1.00000 1.00000 0 0 0
    4.00 00811 0014 00235 -4005.02432 1.00000 1.00000 0 0 0
    4.00 00812 0014 00228 -4052.55989 1.00000 1.00000 0 0 0
    4.00 00813 0012 00227 -4044.76868 1.00000 1.00000 0 0 0
    4.00 00814 0012 00229 -4076.58526 1.00000 1.00000 0 0 0
    4.00 00815 0012 00238 -4111.13631 1.00000 1.00000 0 0 0
    4.00 00816 0012 00228 -4010.12524 1.00000 1.00000 0 0 0
    4.00 00817 0013 00233 -4037.62984 1.00000 1.00000 0 0 0
    4.00 00818 0013 00232 -4016.52122 1.00000 1.00000 0 0 0
    4.00 00819 0013 00224 -3981.37612 1.00000 1.00000 0 0 0
    4.00 00820 0013 00232 -4059.12193 1.00000 1.00000 0 0 0
    4.00 00821 0013 00238 -4057.45143 1.00000 1.00000 0 0 0
    4.00 00822 0012 00238 -4044.36703 1.00000 1.00000 0 0 0
    4.00 00823 0011 00243 -4079.22772 1.00000 1.00000 0 0 0
    4.00 00824 0011 00237 -4083.40149 1.00000 1.00000 0 0 0
    4.00 00825 0012 00223 -3971.04340 1.00000 1.00000 0 0 0
    4.00 00826 0011 00241 -3995.24729 1.00000 1.00000 0 0 0
    4.00 00827 0010 00219 -3937.12552 1.00000 1.00000 0 0 0
    4.00 00828 0010 00223 -3947.62718 1.00000 1.00000 0 0 0
    4.00 00829 0011 00237 -4059.33398 1.00000 1.00000 0 0 0
    4.00 00830 0011 00237 -4081.78183 1.00000 1.00000 0 0 0
    4.00 00831 0011 00234 -3976.84561 1.00000 1.00000 0 0 0
    4.00 00832 0010 00234 -3997.88781 1.00000 1.00000 0 0 0
    4.00 00833 0011 00230 -3980.28821 1.00000 1.00000 0 0 0
    4.00 00834 0012 00230 -3974.40828 1.00000 1.00000 0 0 0
    4.00 00835 0013 00220 -3967.99105 1.00000 1.00000 0 0 0
    4.00 00836 0012 00226 -3954.30447 1.00000 1.00000 0 0 0
    4.00 00837 0012 00228 -4047.04070 1.00000 1.00000 0 0 0
    4.00 00838 0013 00232 -4009.24659 1.00000 1.00000 0 0 0
    4.00 00839 0010 00230 -4004.66493 1.00000 1.00000 0 0 0
    4.00 00840 0011 00234 -4036.45230 1.00000 1.00000 0 0 0
    4.00 00841 0011 00223 -3991.19319 1.00000 1.00000 0 0 0
    4.00 00842 0014 00228 -4011.35482 1.00000 1.00000 0 0 0
    4.00 00843 0014 00223 -3960.43750 1.00000 1.00000 0 0 0
    4.00 00844 0011 00221 -3930.96667 1.00000 1.00000 0 0 0
    4.00 00845 0011 00231 -3997.18156 1.00000 1.00000 0 0 0
    4.00 00846 0009 00221 -3942.33275 1.00000 1.00000 0 0 0
    4.00 00847 0009 00221 -3941.80060 1.00000 1.00000 0 0 0
    4.00 00848 0011 00223 -3954.16981 1.00000 1.00000 0 0 0
    4.00 00849 0013 00226 -4006.40708 1.00000 1.00000 0 0 0
    4.00 00850 0010 00229 -4009.30213 1.00000 1.00000 0 0 0
    4.00 00851 0010 00221 -3957.11762 1.00000 1.00000 0 0 0
    4.00 00852 0010 00232 -4003.83158 1.00000 1.00000 0 0 0
    4.00 00853 0011 00235 -4033.95367 1.00000 1.00000 0 0 0
    4.00 00854 0010 00235 -3991.78251 1.00000 1.00000 0 0 0
    4.00 00855 0010 00237 -3961.74940 1.00000 1.00000 0 0 0
    4.00 00856 0010 00236 -3938.25075 1.00000 1.00000 0 0 0
    4.00 00857 0012 00235 -3964.77626 1.00000 1.00000 0 0 0
    4.00 00858 0011 00241 -4050.71999 1.00000 1.00000 0 0 0
    4.00 00859 0011 00244 -4064.04612 1.00000 1.00000 0 0 0
    4.00 00860 0012 00234 -4027.28228 1.00000 1.00000 0 0 0
    4.00 00861 0013 00233 -4017.20396 1.00000 1.00000 0 0 0
    4.00 00862 0013 00226 -3954.67162 1.00000 1.00000 0 0 0
    4.00 00863 0011 00209 -3913.09752 1.00000 1.00000 0 0 0
    4.00 00864 0010 00229 -3980.46924 1.00000 1.00000 0 0 0
    4.00 00865 0010 00209 -3887.15776 1.00000 1.00000 0 0 0
    4.00 00866 0013 00229 -3983.48883 1.00000 1.00000 0 0 0
    4.00 00867 0015 00225 -4054.08250 1.00000 1.00000 0 0 0
    4.00 00868 0015 00235 -4071.46794 1.00000 1.00000 0 0 0
    4.00 00869 0016 00237 -4061.68789 1.00000 1.00000 0 0 0
    4.00 00870 0015 00242 -4085.06536 1.00000 1.00000 0 0 0
    4.00 00871 0016 00262 -4171.74990 1.00000 1.00000 0 0 0
    4.00 00872 0016 00249 -4097.43290 1.00000 1.00000 0 0 0
    4.00 00873 0013 00230 -4035.62844 1.00000 1.00000 0 0 0
    4.00 00874 0011 00229 -4027.38849 1.00000 1.00000 0 0 0
    4.00 00875 0010 00239 -4022.98642 1.00000 1.00000 0 0 0
    4.00 00876 0011 00247 -4050.60061 1.00000 1.00000 0 0 0
    4.00 00877 0011 00240 -4044.72102 1.00000 1.00000 0 0 0
    4.00 00878 0012 00246 -4123.43535 1.00000 1.00000 0 0 0
    4.00 00879 0010 00251 -4120.41488 1.00000 1.00000 0 0 0
    4.00 00880 0010 00241 -4109.80011 1.00000 1.00000 0 0 0
    4.00 00881 0011 00238 -4045.52359 1.00000 1.00000 0 0 0
    4.00 00882 0012 00231 -3994.80903 1.00000 1.00000 0 0 0
    4.00 00883 0010 00245 -4087.84064 1.00000 1.00000 0 0 0
    4.00 00884 0011 00242 -4056.67057 1.00000 1.00000 0 0 0
    4.00 00885 0011 00230 -3988.85969 1.00000 1.00000 0 0 0
    4.00 00886 0011 00233 -4046.92917 1.00000 1.00000 0 0 0
    4.00 00887 0011 00238 -4045.33021 1.00000 1.00000 0 0 0
    4.00 00888 0011 00232 -4018.82506 1.00000 1.00000 0 0 0
    4.00 00889 0010 00247 -4038.83590 1.00000 1.00000 0 0 0
    4.00 00890 0011 00234 -3950.52958 1.00000 1.00000 0 0 0
    4.00 00891 0011 00229 -3999.36863 1.00000 1.00000 0 0 0
    4.00 00892 0010 00239 -4005.53600 1.00000 1.00000 0 0 0
    4.00 00893 0010 00241 -4009.54782 1.00000 1.00000 0 0 0
    4.00 00894 0010 00227 -3963.77676 1.00000 1.00000 0 0 0
    4.00 00895 0013 00239 -4029.63837 1.00000 1.00000 0 0 0
    4.00 00896 0010 00234 -4019.74973 1.00000 1.00000 0 0 0
    4.00 00897 0011 00232 -3997.80370 1.00000 1.00000 0 0 0
    4.00 00898 0010 00227 -4000.00752 1.00000 1.00000 0 0 0
    4.00 00899 0011 00232 -4077.51344 1.00000 1.00000 0 0 0
    4.00 00900 0011 00229 -4000.12097 1.00000 1.00000 0 0 0
    4.00 00901 0013 00241 -4108.18481 1.00000 1.00000 0 0 0
    4.00 00902 0012 00236 -4055.17835 1.00000 1.00000 0 0 0
    4.00 00903 0015 00232 -4069.89853 1.00000 1.00000 0 0 0
    4.00 00904 0015 00236 -4081.26100 1.00000 1.00000 0 0 0
    5.00 00905 0014 00226 -4007.38721 1.00000 1.00000 0 0 0
    5.00 00906 0013 00207 -3952.21093 1.00000 1.00000 0 0 0
    5.00 00907 0012 00215 -3951.80673 1.00000 1.00000 0 0 0
    5.00 00908 0013 00241 -4068.92309 1.00000 1.00000 0 0 0
    5.00 00909 0012 00234 -3993.67022 1.00000 1.00000 0 0 0
    5.00 00910 0013 00224 -3965.84018 1.00000 1.00000 0 0 0
    5.00 00911 0014 00213 -3930.05826 1.00000 1.00000 0 0 0
    5.00 00912 0012 00218 -3899.63049 1.00000 1.00000 0 0 0
    5.00 00913 0013 00230 -3906.32373 1.00000 1.00000 0 0 0
    5.00 00914 0012 00238 -3999.44559 1.00000 1.00000 0 0 0
    5.00 00915 0012 00221 -3943.51379 1.00000 1.00000 0 0 0
    5.00 00916 0012 00231 -3973.93331 1.00000 1.00000 0 0 0
    5.00 00917 0011 00223 -4010.09535 1.00000 1.00000 0 0 0
    5.00 00918 0013 00232 -4064.24859 1.00000 1.00000 0 0 0
    5.00 00919 0012 00228 -4066.89745 1.00000 1.00000 0 0 0
    5.00 00920 0013 00257 -4193.20524 1.00000 1.00000 0 0 0
    5.00 00921 0013 00242 -4150.57163 1.00000 1.00000 0 0 0
    5.00 00922 0015 00227 -4063.55155 1.00000 1.00000 0 0 0
    5.00 00923 0014 00232 -4080.08476 1.00000 1.00000 0 0 0
    5.00 00924 0011 00239 -4078.53566 1.00000 1.00000 0 0 0
    5.00 00925 0012 00231 -4009.75997 1.00000 1.00000 0 0 0
    5.00 00926 0011 00227 -4038.24750 1.00000 1.00000 0 0 0
    5.00 00927 0013 00233 -4088.49019 1.00000 1.00000 0 0 0
    5.00 00928 0013 00237 -4061.84883 1.00000 1.00000 0 0 0
    5.00 00929 0015 00219 -3952.18693 1.00000 1.00000 0 0 0
    5.00 00930 0012 00219 -3952.12784 1.00000 1.00000 0 0 0
    5.00 00931 0013 00230 -4024.80394 1.00000 1.00000 0 0 0
    5.00 00932 0013 00231 -4020.70392 1.00000 1.00000 0 0 0
    5.00 00933 0014 00224 -4027.72646 1.00000 1.00000 0 0 0
    5.00 00934 0012 00226 -4022.34947 1.00000 1.00000 0 0 0
    5.00 00935 0013 00234 -4071.99604 1.00000 1.00000 0 0 0
    5.00 00936 0013 00237 -4082.56986 1.00000 1.00000 0 0 0
    5.00 00937 0013 00237 -4036.31861 1.00000 1.00000 0 0 0
    5.00 00938 0012 00236 -4101.44620 1.00000 1.00000 0 0 0
    5.00 00939 0013 00238 -4096.40125 1.00000 1.00000 0 0 0
    5.00 00940 0012 00227 -4040.18563 1.00000 1.00000 0 0 0
    5.00 00941 0013 00228 -4053.02051 1.00000 1.00000 0 0 0
    5.00 00942 0011 00237 -4130.41392 1.00000 1.00000 0 0 0
    5.00 00943 0012 00237 -4099.60938 1.00000 1.00000 0 0 0
    5.00 00944 0015 00223 -4057.35500 1.00000 1.00000 0 0 0
    5.00 00945 0015 00233 -4094.73231 1.00000 1.00000 0 0 0
    5.00 00946 0012 00218 -4011.29029 1.00000 1.00000 0 0 0
    5.00 00947 0013 00236 -4087.17589 1.00000 1.00000 0 0 0
    5.00 00948 0013 00244 -4106.04005 1.00000 1.00000 0 0 0
    5.00 00949 0012 00234 -4069.14178 1.00000 1.00000 0 0 0
    5.00 00950 0014 00235 -4102.59012 1.00000 1.00000 0 0 0
    5.00 00951 0014 00241 -4078.54632 1.00000 1.00000 0 0 0
    5.00 00952 0013 00246 -4161.21677 1.00000 1.00000 0 0 0
    5.00 00953 0015 00243 -4096.28311 1.00000 1.00000 0 0 0
    5.00 00954 0014 00230 -4061.81042 1.00000 1.00000 0 0 0
    5.00 00955 0016 00237 -3990.99669 1.00000 1.00000 0 0 0
    5.00 00956 0013 00237 -4036.13549 1.00000 1.00000 0 0 0
    5.00 00957 0013 00232 -4033.00326 1.00000 1.00000 0 0 0
    5.00 00958 0014 00228 -3999.44965 1.00000 1.00000 0 0 0
    5.00 00959 0012 00234 -4003.09402 1.00000 1.00000 0 0 0
    5.00 00960 0014 00242 -4040.02060 1.00000 1.00000 0 0 0
    5.00 00961 0014 00242 -4075.34377 1.00000 1.00000 0 0 0
    5.00 00962 0013 00244 -4118.42590 1.00000 1.00000 0 0 0
    5.00 00963 0014 00239 -4064.99589 1.00000 1.00000 0 0 0
    5.00 00964 0013 00245 -4047.46005 1.00000 1.00000 0 0 0
    5.00 00965 0012 00235 -3989.46507 1.00000 1.00000 0 0 0
    5.00 00966 0012 00232 -3982.02367 1.00000 1.00000 0 0 0
    5.00 00967 0012 00221 -4032.51723 1.00000 1.00000 0 0 0
    5.00 00968 0016 00231 -4016.21084 1.00000 1.00000 0 0 0
    5.00 00969 0015 00239 -4123.74847 1.00000 1.00000 0 0 0
    5.00 00970 0013 00246 -4109.64157 1.00000 1.00000 0 0 0
    5.00 00971 0013 00236 -4071.16037 1.00000 1.00000 0 0 0
    5.00 00972 0013 00227 -4028.50771 1.00000 1.00000 0 0 0
    5.00 00973 0012 00231 -4013.03004 1.00000 1.00000 0 0 0
    5.00 00974 0011 00229 -4005.39316 1.00000 1.00000 0 0 0
    5.00 00975 0012 00229 -3983.27869 1.00000 1.00000 0 0 0
    5.00 00976 0013 00227 -3959.94819 1.00000 1.00000 0 0 0
    5.00 00977 0012 00231 -4040.46652 1.00000 1.00000 0 0 0
    5.00 00978 0012 00236 -4024.80600 1.00000 1.00000 0 0 0
    5.00 00979 0012 00228 -4017.92875 1.00000 1.00000 0 0 0
    5.00 00980 0013 00228 -4003.34016 1.00000 1.00000 0 0 0
    5.00 00981 0014 00225 -3972.82371 1.00000 1.00000 0 0 0
    5.00 00982 0014 00226 -3989.89739 1.00000 1.00000 0 0 0
    5.00 00983 0014 00226 -3998.20837 1.00000 1.00000 0 0 0
    5.00 00984 0014 00237 -4061.12884 1.00000 1.00000 0 0 0
    5.00 00985 0015 00234 -4121.92558 1.00000 1.00000 0 0 0
    5.00 00986 0012 00232 -4082.06362 1.00000 1.00000 0 0 0
    5.00 00987 0012 00220 -3969.67119 1.00000 1.00000 0 0 0
    5.00 00988 0013 00231 -3994.00979 1.00000 1.00000 0 0 0
    5.00 00989 0013 00239 -4047.37534 1.00000 1.00000 0 0 0
    5.00 00990 0012 00229 -3970.58617 1.00000 1.00000 0 0 0
    5.00 00991 0015 00226 -3992.62126 1.00000 1.00000 0 0 0
    5.00 00992 0014 00219 -3937.19419 1.00000 1.00000 0 0 0
    5.00 00993 0015 00223 -3967.29508 1.00000 1.00000 0 0 0
    5.00 00994 0011 00217 -3901.90709 1.00000 1.00000 0 0 0
    5.00 00995 0011 00215 -3950.09556 1.00000 1.00000 0 0 0
    5.00 00996 0012 00216 -3941.18768 1.00000 1.00000 0 0 0
    5.00 00997 0014 00232 -4024.88628 1.00000 1.00000 0 0 0
    5.00 00998 0014 00232 -4028.50781 1.00000 1.00000 0 0 0
    5.00 00999 0014 00235 -4079.00211 1.00000 1.00000 0 0 0
