            S1	      S0	      S4	      S2	      S5	      S3	   TOTAL	
  C0:      175	       4	     561	     128	      64	     173	    1105	(26.65)
  C1:      117	     339	      48	     142	     208	     125	     979	(23.61)
  C2:       26	       3	     748	      10	       7	      68	     862	(20.79)
  C3:        3	       1	     300	       1	       0	       6	     311	(7.50)
  C4:       50	      12	     551	      66	     117	      41	     837	(20.19)
  C7:        3	      11	       8	       2	       2	      14	      40	(0.96)
  C5:*       0	       2	       1	       0	       5	       2	      10	(0.24)
  C6:*       0	       1	       0	       0	       1	       0	       2	(0.05)
 TOTAL     374	     373	    2217	     349	     404	     429	    4146
         (9.02)    (9.00)    (53.47)    (8.42)    (9.74)    (10.35) 
Precision = 33.72(1394/4134)
Recall = 33.62(1394/4146+0)
F-Measure = 33.67

Legend of Sense Tags
S0 = line.n.1
S1 = line.n.2
S2 = line.n.3
S3 = line.n.4
S4 = line.n.5
S5 = line.n.6
